bin\Community Core Fusion.ilk
bin\Community Core Fusion.pdb
C:\USERS\KYLE\DOCUMENTS\GITHUB\CCV-REVIVAL\BUILD\VS2010\BIN\COMMUNITY CORE FUSION.EXE
C:\USERS\KYLE\DOCUMENTS\GITHUB\CCV-REVIVAL\BUILD\VS2010\BIN\COMMUNITY CORE FUSION.ILK
C:\USERS\KYLE\DOCUMENTS\GITHUB\CCV-REVIVAL\BUILD\VS2010\BIN\COMMUNITY CORE FUSION.PDB
C:\USERS\KYLE\DOCUMENTS\GITHUB\CCV-REVIVAL\BUILD\VS2010\OBJ\DEBUG\CCF.OBJ
C:\Users\Kyle\Documents\GitHub\ccv-revival\build\vs2010\obj\Debug\cl.command.1.tlog
C:\Users\Kyle\Documents\GitHub\ccv-revival\build\vs2010\obj\Debug\CL.read.1.tlog
C:\Users\Kyle\Documents\GitHub\ccv-revival\build\vs2010\obj\Debug\CL.write.1.tlog
C:\USERS\KYLE\DOCUMENTS\GITHUB\CCV-REVIVAL\BUILD\VS2010\OBJ\DEBUG\COMMUNITY CORE FUSION.EXE.EMBED.MANIFEST
C:\USERS\KYLE\DOCUMENTS\GITHUB\CCV-REVIVAL\BUILD\VS2010\OBJ\DEBUG\COMMUNITY CORE FUSION.EXE.EMBED.MANIFEST.RES
C:\USERS\KYLE\DOCUMENTS\GITHUB\CCV-REVIVAL\BUILD\VS2010\OBJ\DEBUG\COMMUNITY CORE FUSION.EXE.INTERMEDIATE.MANIFEST
C:\Users\Kyle\Documents\GitHub\ccv-revival\build\vs2010\obj\Debug\Community Core Fusion.write.1.tlog
C:\Users\Kyle\Documents\GitHub\ccv-revival\build\vs2010\obj\Debug\Community Core Fusion_manifest.rc
C:\Users\Kyle\Documents\GitHub\ccv-revival\build\vs2010\obj\Debug\link.6140.read.1.tlog
C:\Users\Kyle\Documents\GitHub\ccv-revival\build\vs2010\obj\Debug\link.6140.write.1.tlog
C:\Users\Kyle\Documents\GitHub\ccv-revival\build\vs2010\obj\Debug\link.6140-cvtres.read.1.tlog
C:\Users\Kyle\Documents\GitHub\ccv-revival\build\vs2010\obj\Debug\link.6140-cvtres.write.1.tlog
C:\Users\Kyle\Documents\GitHub\ccv-revival\build\vs2010\obj\Debug\link.command.1.tlog
C:\Users\Kyle\Documents\GitHub\ccv-revival\build\vs2010\obj\Debug\link.read.1.tlog
C:\Users\Kyle\Documents\GitHub\ccv-revival\build\vs2010\obj\Debug\link.write.1.tlog
C:\Users\Kyle\Documents\GitHub\ccv-revival\build\vs2010\obj\Debug\link-cvtres.read.1.tlog
C:\Users\Kyle\Documents\GitHub\ccv-revival\build\vs2010\obj\Debug\link-cvtres.write.1.tlog
C:\Users\Kyle\Documents\GitHub\ccv-revival\build\vs2010\obj\Debug\mt.command.1.tlog
C:\Users\Kyle\Documents\GitHub\ccv-revival\build\vs2010\obj\Debug\mt.read.1.tlog
C:\Users\Kyle\Documents\GitHub\ccv-revival\build\vs2010\obj\Debug\mt.write.1.tlog
C:\Users\Kyle\Documents\GitHub\ccv-revival\build\vs2010\obj\Debug\rc.command.1.tlog
C:\Users\Kyle\Documents\GitHub\ccv-revival\build\vs2010\obj\Debug\rc.read.1.tlog
C:\Users\Kyle\Documents\GitHub\ccv-revival\build\vs2010\obj\Debug\rc.write.1.tlog
C:\Users\Kyle\Documents\GitHub\ccv-revival\build\vs2010\obj\Debug\vc100.idb
C:\USERS\KYLE\DOCUMENTS\GITHUB\CCV-REVIVAL\BUILD\VS2010\OBJ\DEBUG\VC100.PDB
