..\..\..\build\vs2010\bin\addons\nuiSpiritParserModule.ilk
..\..\..\build\vs2010\bin\addons\nuiSpiritParserModule.pdb
C:\USERS\SHALSTVEDT\CODE\CCF-UNVERSIONED\CCF\ADDONS\NUISPIRITPARSERMODULE\MAKE\RELEASE\BALLWORLDGRAMMAR.OBJ
C:\USERS\SHALSTVEDT\CODE\CCF-UNVERSIONED\CCF\ADDONS\NUISPIRITPARSERMODULE\MAKE\RELEASE\NUISPIRITPARSERMODULE.DLL.INTERMEDIATE.MANIFEST
C:\USERS\SHALSTVEDT\CODE\CCF-UNVERSIONED\CCF\ADDONS\NUISPIRITPARSERMODULE\MAKE\RELEASE\NUISPIRITPARSERMODULE.OBJ
C:\USERS\SHALSTVEDT\CODE\CCF-UNVERSIONED\CCF\ADDONS\NUISPIRITPARSERMODULE\MAKE\RELEASE\VC100.PDB
C:\USERS\SHALSTVEDT\CODE\CCF-UNVERSIONED\CCF\BUILD\VS2010\BIN\ADDONS\NUISPIRITPARSERMODULE.DLL
C:\Users\shalstvedt\Code\ccf-unversioned\CCF\build\vs2010\bin\addons\nuiSpiritParserModule.exp
C:\Users\shalstvedt\Code\ccf-unversioned\CCF\build\vs2010\bin\addons\nuiSpiritParserModule.lib
C:\USERS\SHALSTVEDT\CODE\CCF-UNVERSIONED\CCF\BUILD\VS2010\BIN\ADDONS\NUISPIRITPARSERMODULE.PDB
C:\Users\shalstvedt\Documents\GitHub\ccv-revival\CCF\addons\nuiSpiritParserModule\make\..\..\..\build\vs2010\bin\addons\nuiSpiritParserModule.dll
C:\Users\shalstvedt\Documents\GitHub\ccv-revival\CCF\addons\nuiSpiritParserModule\make\Release\ballWorldGrammar.obj
C:\Users\shalstvedt\Documents\GitHub\ccv-revival\CCF\addons\nuiSpiritParserModule\make\Release\cl.command.1.tlog
C:\Users\shalstvedt\Documents\GitHub\ccv-revival\CCF\addons\nuiSpiritParserModule\make\Release\CL.read.1.tlog
C:\Users\shalstvedt\Documents\GitHub\ccv-revival\CCF\addons\nuiSpiritParserModule\make\Release\CL.write.1.tlog
C:\Users\shalstvedt\Documents\GitHub\ccv-revival\CCF\addons\nuiSpiritParserModule\make\Release\link.command.1.tlog
C:\Users\shalstvedt\Documents\GitHub\ccv-revival\CCF\addons\nuiSpiritParserModule\make\Release\link.read.1.tlog
C:\Users\shalstvedt\Documents\GitHub\ccv-revival\CCF\addons\nuiSpiritParserModule\make\Release\link.write.1.tlog
C:\Users\shalstvedt\Documents\GitHub\ccv-revival\CCF\addons\nuiSpiritParserModule\make\Release\mt.command.1.tlog
C:\Users\shalstvedt\Documents\GitHub\ccv-revival\CCF\addons\nuiSpiritParserModule\make\Release\mt.read.1.tlog
C:\Users\shalstvedt\Documents\GitHub\ccv-revival\CCF\addons\nuiSpiritParserModule\make\Release\mt.write.1.tlog
C:\Users\shalstvedt\Documents\GitHub\ccv-revival\CCF\addons\nuiSpiritParserModule\make\Release\nuiSpiritParserModule.dll.intermediate.manifest
C:\Users\shalstvedt\Documents\GitHub\ccv-revival\CCF\addons\nuiSpiritParserModule\make\Release\nuiSpiritParserModule.obj
C:\Users\shalstvedt\Documents\GitHub\ccv-revival\CCF\addons\nuiSpiritParserModule\make\Release\nuiSpiritParserModule.write.1.tlog
C:\Users\shalstvedt\Documents\GitHub\ccv-revival\CCF\addons\nuiSpiritParserModule\make\Release\vc100.pdb
