C:\USERS\SHALSTVEDT\CODE\CCF-UNVERSIONED\CCF\BUILD\VS2010\LIB\NUIFRAMEWORK.LIB
C:\USERS\SHALSTVEDT\CODE\CCF-UNVERSIONED\CCF\LIBS\NUIFRAMEWORK\MAKE\DEBUG\NUIDAEMON.OBJ
C:\USERS\SHALSTVEDT\CODE\CCF-UNVERSIONED\CCF\LIBS\NUIFRAMEWORK\MAKE\DEBUG\NUIDYNAMICLIBRARY.OBJ
C:\USERS\SHALSTVEDT\CODE\CCF-UNVERSIONED\CCF\LIBS\NUIFRAMEWORK\MAKE\DEBUG\NUIFACTORY.OBJ
C:\USERS\SHALSTVEDT\CODE\CCF-UNVERSIONED\CCF\LIBS\NUIFRAMEWORK\MAKE\DEBUG\NUIFRAMEWORKMANAGER.OBJ
C:\USERS\SHALSTVEDT\CODE\CCF-UNVERSIONED\CCF\LIBS\NUIFRAMEWORK\MAKE\DEBUG\NUIPIPELINE.OBJ
C:\USERS\SHALSTVEDT\CODE\CCF-UNVERSIONED\CCF\LIBS\NUIFRAMEWORK\MAKE\DEBUG\NUIPLUGINENTITY.OBJ
C:\USERS\SHALSTVEDT\CODE\CCF-UNVERSIONED\CCF\LIBS\NUIFRAMEWORK\MAKE\DEBUG\NUIPLUGINMANAGER.OBJ
C:\USERS\SHALSTVEDT\CODE\CCF-UNVERSIONED\CCF\LIBS\NUIFRAMEWORK\MAKE\DEBUG\VC100.PDB
C:\Users\shalstvedt\Documents\GitHub\ccv-revival\CCF\libs\nuiFramework\make\Debug\cl.command.1.tlog
C:\Users\shalstvedt\Documents\GitHub\ccv-revival\CCF\libs\nuiFramework\make\Debug\CL.read.1.tlog
C:\Users\shalstvedt\Documents\GitHub\ccv-revival\CCF\libs\nuiFramework\make\Debug\CL.write.1.tlog
C:\Users\shalstvedt\Documents\GitHub\ccv-revival\CCF\libs\nuiFramework\make\Debug\lib.command.1.tlog
C:\Users\shalstvedt\Documents\GitHub\ccv-revival\CCF\libs\nuiFramework\make\Debug\Lib-link.read.1.tlog
C:\Users\shalstvedt\Documents\GitHub\ccv-revival\CCF\libs\nuiFramework\make\Debug\Lib-link.write.1.tlog
C:\Users\shalstvedt\Documents\GitHub\ccv-revival\CCF\libs\nuiFramework\make\Debug\nuiDaemon.obj
C:\Users\shalstvedt\Documents\GitHub\ccv-revival\CCF\libs\nuiFramework\make\Debug\nuiDynamicLibrary.obj
C:\Users\shalstvedt\Documents\GitHub\ccv-revival\CCF\libs\nuiFramework\make\Debug\nuiFactory.obj
C:\Users\shalstvedt\Documents\GitHub\ccv-revival\CCF\libs\nuiFramework\make\Debug\nuiFrameworkManager.obj
C:\Users\shalstvedt\Documents\GitHub\ccv-revival\CCF\libs\nuiFramework\make\Debug\nuiPipeline.obj
C:\Users\shalstvedt\Documents\GitHub\ccv-revival\CCF\libs\nuiFramework\make\Debug\nuiPluginEntity.obj
C:\Users\shalstvedt\Documents\GitHub\ccv-revival\CCF\libs\nuiFramework\make\Debug\nuiPluginManager.obj
C:\Users\shalstvedt\Documents\GitHub\ccv-revival\CCF\libs\nuiFramework\make\Debug\vc100.idb
C:\Users\shalstvedt\Documents\GitHub\ccv-revival\CCF\libs\nuiFramework\make\Debug\vc100.pdb
