Build started 7/7/2012 12:49:43 AM.
     1>Project "C:\Users\Kyle\Documents\GitHub\ccv-revival\addons\nuiAudioOutputModule\make\nuiAudioOutputModule.vcxproj" on node 6 (build target(s)).
     1>InitializeBuildStatus:
         Creating "Debug\nuiAudioOutputModule.unsuccessfulbuild" because "AlwaysCreate" was specified.
       ClCompile:
         C:\Program Files (x86)\Microsoft Visual Studio 10.0\VC\bin\CL.exe /c /I"..\..\..\libs\3rdParty\ptypes-2.1.1\include\\" /I"..\..\..\libs\3rdParty\ptypes-2.1.1\\" /I..\src /I..\..\..\libs\3rdparty\rtaudio /I..\..\..\libs\3rdparty\rtaudio\include /I..\..\..\libs\nuiModule\inc /I..\..\..\libs\nuiSystem\inc /I..\..\..\libs\3rdparty\libresample\include /ZI /nologo /W3 /WX- /Od /Oy- /D __WINDOWS_DS__ /D WIN32 /D _DEBUG /D _WINDOWS /D _USRDLL /D NUIAUDIOOUTPUTMODULE_EXPORTS /D _WINDLL /D _MBCS /Gm /EHsc /RTC1 /MDd /GS /fp:precise /Zc:wchar_t /Zc:forScope /Fo"Debug\\" /Fd"Debug\vc100.pdb" /Gd /TP /analyze- /errorReport:prompt ..\src\nuiAudioOutputModule.cpp
         nuiAudioOutputModule.cpp
     1>c:\users\kyle\documents\github\ccv-revival\addons\nuiaudiooutputmodule\src\nuiaudiooutputmodule.cpp(113): warning C4101: 'bufferFrames' : unreferenced local variable
     1>c:\users\kyle\documents\github\ccv-revival\addons\nuiaudiooutputmodule\src\nuiaudiooutputmodule.cpp(248): warning C4101: 'dataSize' : unreferenced local variable
       ManifestResourceCompile:
         C:\Program Files (x86)\Microsoft SDKs\Windows\v7.0A\bin\rc.exe /nologo /fo"Debug\nuiAudioOutputModule.dll.embed.manifest.res" Debug\nuiAudioOutputModule_manifest.rc 
       Link:
         C:\Program Files (x86)\Microsoft Visual Studio 10.0\VC\bin\link.exe /ERRORREPORT:PROMPT /OUT:"..\..\..\build\vs2010\bin\addons\nuiAudioOutputModule.dll" /INCREMENTAL /NOLOGO /LIBPATH:"C:\Users\Kyle\Documents\GitHub\ccv-revival\build\vs2010\\lib\\" s3decoder.lib libresample.lib nuiModule.lib nuiSystem.lib kernel32.lib user32.lib gdi32.lib winspool.lib comdlg32.lib advapi32.lib shell32.lib ole32.lib oleaut32.lib uuid.lib odbc32.lib odbccp32.lib rtaudio.lib dsound.lib kernel32.lib user32.lib gdi32.lib winspool.lib comdlg32.lib advapi32.lib shell32.lib ole32.lib oleaut32.lib uuid.lib odbc32.lib odbccp32.lib /NODEFAULTLIB:MSVCRT /MANIFEST /ManifestFile:"Debug\nuiAudioOutputModule.dll.intermediate.manifest" /MANIFESTUAC:"level='asInvoker' uiAccess='false'" /DEBUG /PDB:"C:\Users\Kyle\Documents\GitHub\ccv-revival\build\vs2010\bin\addons\nuiAudioOutputModule.pdb" /SUBSYSTEM:WINDOWS /TLBID:1 /DYNAMICBASE /NXCOMPAT /IMPLIB:"..\..\..\build\vs2010\bin\addons\nuiAudioOutputModule.lib" /MACHINE:X86 /DLL Debug\nuiAudioOutputModule.dll.embed.manifest.res
         Debug\nuiAudioOutputModule.obj
            Creating library ..\..\..\build\vs2010\bin\addons\nuiAudioOutputModule.lib and object ..\..\..\build\vs2010\bin\addons\nuiAudioOutputModule.exp
       Manifest:
         C:\Program Files (x86)\Microsoft SDKs\Windows\v7.0A\bin\mt.exe /nologo /verbose /out:"Debug\nuiAudioOutputModule.dll.embed.manifest" /manifest Debug\nuiAudioOutputModule.dll.intermediate.manifest
         C:\Program Files (x86)\Microsoft SDKs\Windows\v7.0A\bin\rc.exe /nologo /fo"Debug\nuiAudioOutputModule.dll.embed.manifest.res" Debug\nuiAudioOutputModule_manifest.rc 
       LinkEmbedManifest:
         C:\Program Files (x86)\Microsoft Visual Studio 10.0\VC\bin\link.exe /ERRORREPORT:PROMPT /OUT:"..\..\..\build\vs2010\bin\addons\nuiAudioOutputModule.dll" /INCREMENTAL /NOLOGO /LIBPATH:"C:\Users\Kyle\Documents\GitHub\ccv-revival\build\vs2010\\lib\\" s3decoder.lib libresample.lib nuiModule.lib nuiSystem.lib kernel32.lib user32.lib gdi32.lib winspool.lib comdlg32.lib advapi32.lib shell32.lib ole32.lib oleaut32.lib uuid.lib odbc32.lib odbccp32.lib rtaudio.lib dsound.lib kernel32.lib user32.lib gdi32.lib winspool.lib comdlg32.lib advapi32.lib shell32.lib ole32.lib oleaut32.lib uuid.lib odbc32.lib odbccp32.lib /NODEFAULTLIB:MSVCRT /MANIFEST /ManifestFile:"Debug\nuiAudioOutputModule.dll.intermediate.manifest" /MANIFESTUAC:"level='asInvoker' uiAccess='false'" /DEBUG /PDB:"C:\Users\Kyle\Documents\GitHub\ccv-revival\build\vs2010\bin\addons\nuiAudioOutputModule.pdb" /SUBSYSTEM:WINDOWS /TLBID:1 /DYNAMICBASE /NXCOMPAT /IMPLIB:"..\..\..\build\vs2010\bin\addons\nuiAudioOutputModule.lib" /MACHINE:X86 /DLL Debug\nuiAudioOutputModule.dll.embed.manifest.res
         Debug\nuiAudioOutputModule.obj
            Creating library ..\..\..\build\vs2010\bin\addons\nuiAudioOutputModule.lib and object ..\..\..\build\vs2010\bin\addons\nuiAudioOutputModule.exp
         nuiAudioOutputModule.vcxproj -> C:\Users\Kyle\Documents\GitHub\ccv-revival\addons\nuiAudioOutputModule\make\..\..\..\build\vs2010\bin\addons\nuiAudioOutputModule.dll
       FinalizeBuildStatus:
         Deleting file "Debug\nuiAudioOutputModule.unsuccessfulbuild".
         Touching "Debug\nuiAudioOutputModule.lastbuildstate".
     1>Done Building Project "C:\Users\Kyle\Documents\GitHub\ccv-revival\addons\nuiAudioOutputModule\make\nuiAudioOutputModule.vcxproj" (build target(s)).

Build succeeded.

Time Elapsed 00:00:01.85
