C:\USERS\SHALSTVEDT\CODE\CCF-UNVERSIONED\CCF\BUILD\VS2010\LIB\NUISYSTEM.LIB
C:\USERS\SHALSTVEDT\CODE\CCF-UNVERSIONED\CCF\LIBS\NUISYSTEM\MAKE\RELEASE\NUIDATAGENERICCONTAINER.OBJ
C:\USERS\SHALSTVEDT\CODE\CCF-UNVERSIONED\CCF\LIBS\NUISYSTEM\MAKE\RELEASE\NUIDEBUGLOGGER.OBJ
C:\USERS\SHALSTVEDT\CODE\CCF-UNVERSIONED\CCF\LIBS\NUISYSTEM\MAKE\RELEASE\NUIDEFINES.OBJ
C:\USERS\SHALSTVEDT\CODE\CCF-UNVERSIONED\CCF\LIBS\NUISYSTEM\MAKE\RELEASE\NUIFILESYSTEM.OBJ
C:\USERS\SHALSTVEDT\CODE\CCF-UNVERSIONED\CCF\LIBS\NUISYSTEM\MAKE\RELEASE\NUIPROPERTY.OBJ
C:\USERS\SHALSTVEDT\CODE\CCF-UNVERSIONED\CCF\LIBS\NUISYSTEM\MAKE\RELEASE\NUITHREAD.OBJ
C:\USERS\SHALSTVEDT\CODE\CCF-UNVERSIONED\CCF\LIBS\NUISYSTEM\MAKE\RELEASE\NUITIMER.OBJ
C:\USERS\SHALSTVEDT\CODE\CCF-UNVERSIONED\CCF\LIBS\NUISYSTEM\MAKE\RELEASE\NUIUTILS.OBJ
C:\USERS\SHALSTVEDT\CODE\CCF-UNVERSIONED\CCF\LIBS\NUISYSTEM\MAKE\RELEASE\OFXXMLSETTINGS.OBJ
C:\USERS\SHALSTVEDT\CODE\CCF-UNVERSIONED\CCF\LIBS\NUISYSTEM\MAKE\RELEASE\TINYXML.OBJ
C:\USERS\SHALSTVEDT\CODE\CCF-UNVERSIONED\CCF\LIBS\NUISYSTEM\MAKE\RELEASE\TINYXMLERROR.OBJ
C:\USERS\SHALSTVEDT\CODE\CCF-UNVERSIONED\CCF\LIBS\NUISYSTEM\MAKE\RELEASE\TINYXMLPARSER.OBJ
C:\USERS\SHALSTVEDT\CODE\CCF-UNVERSIONED\CCF\LIBS\NUISYSTEM\MAKE\RELEASE\VC100.PDB
C:\Users\shalstvedt\Documents\GitHub\ccv-revival\CCF\build\vs2010\\lib\nuiSystem.lib
C:\Users\shalstvedt\Documents\GitHub\ccv-revival\CCF\libs\nuiSystem\make\Release\cl.command.1.tlog
C:\Users\shalstvedt\Documents\GitHub\ccv-revival\CCF\libs\nuiSystem\make\Release\CL.read.1.tlog
C:\Users\shalstvedt\Documents\GitHub\ccv-revival\CCF\libs\nuiSystem\make\Release\CL.write.1.tlog
C:\Users\shalstvedt\Documents\GitHub\ccv-revival\CCF\libs\nuiSystem\make\Release\lib.command.1.tlog
C:\Users\shalstvedt\Documents\GitHub\ccv-revival\CCF\libs\nuiSystem\make\Release\Lib-link.read.1.tlog
C:\Users\shalstvedt\Documents\GitHub\ccv-revival\CCF\libs\nuiSystem\make\Release\Lib-link.write.1.tlog
C:\Users\shalstvedt\Documents\GitHub\ccv-revival\CCF\libs\nuiSystem\make\Release\nuiDataGenericContainer.obj
C:\Users\shalstvedt\Documents\GitHub\ccv-revival\CCF\libs\nuiSystem\make\Release\nuiDebugLogger.obj
C:\Users\shalstvedt\Documents\GitHub\ccv-revival\CCF\libs\nuiSystem\make\Release\nuiDefines.obj
C:\Users\shalstvedt\Documents\GitHub\ccv-revival\CCF\libs\nuiSystem\make\Release\nuiFileSystem.obj
C:\Users\shalstvedt\Documents\GitHub\ccv-revival\CCF\libs\nuiSystem\make\Release\nuiProperty.obj
C:\Users\shalstvedt\Documents\GitHub\ccv-revival\CCF\libs\nuiSystem\make\Release\nuiThread.obj
C:\Users\shalstvedt\Documents\GitHub\ccv-revival\CCF\libs\nuiSystem\make\Release\nuiTimer.obj
C:\Users\shalstvedt\Documents\GitHub\ccv-revival\CCF\libs\nuiSystem\make\Release\nuiUtils.obj
C:\Users\shalstvedt\Documents\GitHub\ccv-revival\CCF\libs\nuiSystem\make\Release\ofxXmlSettings.obj
C:\Users\shalstvedt\Documents\GitHub\ccv-revival\CCF\libs\nuiSystem\make\Release\tinyxml.obj
C:\Users\shalstvedt\Documents\GitHub\ccv-revival\CCF\libs\nuiSystem\make\Release\tinyxmlerror.obj
C:\Users\shalstvedt\Documents\GitHub\ccv-revival\CCF\libs\nuiSystem\make\Release\tinyxmlparser.obj
C:\Users\shalstvedt\Documents\GitHub\ccv-revival\CCF\libs\nuiSystem\make\Release\vc100.pdb
