C:\USERS\SHALSTVEDT\CODE\CCF-UNVERSIONED\CCF\BUILD\VS2010\LIB\NUISYSTEM.LIB
C:\USERS\SHALSTVEDT\CODE\CCF-UNVERSIONED\CCF\LIBS\NUISYSTEM\MAKE\DEBUG\NUIDATAGENERICCONTAINER.OBJ
C:\USERS\SHALSTVEDT\CODE\CCF-UNVERSIONED\CCF\LIBS\NUISYSTEM\MAKE\DEBUG\NUIDEBUGLOGGER.OBJ
C:\USERS\SHALSTVEDT\CODE\CCF-UNVERSIONED\CCF\LIBS\NUISYSTEM\MAKE\DEBUG\NUIDEFINES.OBJ
C:\USERS\SHALSTVEDT\CODE\CCF-UNVERSIONED\CCF\LIBS\NUISYSTEM\MAKE\DEBUG\NUIFILESYSTEM.OBJ
C:\USERS\SHALSTVEDT\CODE\CCF-UNVERSIONED\CCF\LIBS\NUISYSTEM\MAKE\DEBUG\NUIPROPERTY.OBJ
C:\USERS\SHALSTVEDT\CODE\CCF-UNVERSIONED\CCF\LIBS\NUISYSTEM\MAKE\DEBUG\NUITHREAD.OBJ
C:\USERS\SHALSTVEDT\CODE\CCF-UNVERSIONED\CCF\LIBS\NUISYSTEM\MAKE\DEBUG\NUITIMER.OBJ
C:\USERS\SHALSTVEDT\CODE\CCF-UNVERSIONED\CCF\LIBS\NUISYSTEM\MAKE\DEBUG\NUIUTILS.OBJ
C:\USERS\SHALSTVEDT\CODE\CCF-UNVERSIONED\CCF\LIBS\NUISYSTEM\MAKE\DEBUG\OFXXMLSETTINGS.OBJ
C:\USERS\SHALSTVEDT\CODE\CCF-UNVERSIONED\CCF\LIBS\NUISYSTEM\MAKE\DEBUG\TINYXML.OBJ
C:\USERS\SHALSTVEDT\CODE\CCF-UNVERSIONED\CCF\LIBS\NUISYSTEM\MAKE\DEBUG\TINYXMLERROR.OBJ
C:\USERS\SHALSTVEDT\CODE\CCF-UNVERSIONED\CCF\LIBS\NUISYSTEM\MAKE\DEBUG\TINYXMLPARSER.OBJ
C:\USERS\SHALSTVEDT\CODE\CCF-UNVERSIONED\CCF\LIBS\NUISYSTEM\MAKE\DEBUG\VC100.PDB
C:\Users\shalstvedt\Documents\GitHub\ccv-revival\CCF\libs\nuiSystem\make\Debug\cl.command.1.tlog
C:\Users\shalstvedt\Documents\GitHub\ccv-revival\CCF\libs\nuiSystem\make\Debug\CL.read.1.tlog
C:\Users\shalstvedt\Documents\GitHub\ccv-revival\CCF\libs\nuiSystem\make\Debug\CL.write.1.tlog
C:\Users\shalstvedt\Documents\GitHub\ccv-revival\CCF\libs\nuiSystem\make\Debug\lib.command.1.tlog
C:\Users\shalstvedt\Documents\GitHub\ccv-revival\CCF\libs\nuiSystem\make\Debug\Lib-link.read.1.tlog
C:\Users\shalstvedt\Documents\GitHub\ccv-revival\CCF\libs\nuiSystem\make\Debug\Lib-link.write.1.tlog
C:\Users\shalstvedt\Documents\GitHub\ccv-revival\CCF\libs\nuiSystem\make\Debug\nuiDataGenericContainer.obj
C:\Users\shalstvedt\Documents\GitHub\ccv-revival\CCF\libs\nuiSystem\make\Debug\nuiDebugLogger.obj
C:\Users\shalstvedt\Documents\GitHub\ccv-revival\CCF\libs\nuiSystem\make\Debug\nuiDefines.obj
C:\Users\shalstvedt\Documents\GitHub\ccv-revival\CCF\libs\nuiSystem\make\Debug\nuiFileSystem.obj
C:\Users\shalstvedt\Documents\GitHub\ccv-revival\CCF\libs\nuiSystem\make\Debug\nuiProperty.obj
C:\Users\shalstvedt\Documents\GitHub\ccv-revival\CCF\libs\nuiSystem\make\Debug\nuiThread.obj
C:\Users\shalstvedt\Documents\GitHub\ccv-revival\CCF\libs\nuiSystem\make\Debug\nuiTimer.obj
C:\Users\shalstvedt\Documents\GitHub\ccv-revival\CCF\libs\nuiSystem\make\Debug\nuiUtils.obj
C:\Users\shalstvedt\Documents\GitHub\ccv-revival\CCF\libs\nuiSystem\make\Debug\ofxXmlSettings.obj
C:\Users\shalstvedt\Documents\GitHub\ccv-revival\CCF\libs\nuiSystem\make\Debug\tinyxml.obj
C:\Users\shalstvedt\Documents\GitHub\ccv-revival\CCF\libs\nuiSystem\make\Debug\tinyxmlerror.obj
C:\Users\shalstvedt\Documents\GitHub\ccv-revival\CCF\libs\nuiSystem\make\Debug\tinyxmlparser.obj
C:\Users\shalstvedt\Documents\GitHub\ccv-revival\CCF\libs\nuiSystem\make\Debug\vc100.idb
C:\Users\shalstvedt\Documents\GitHub\ccv-revival\CCF\libs\nuiSystem\make\Debug\vc100.pdb
