..\..\..\build\vs2010\bin\addons\nuiJSONInteractionModule.ilk
..\..\..\build\vs2010\bin\addons\nuiJSONInteractionModule.pdb
C:\USERS\SHALSTVEDT\CODE\CCF-UNVERSIONED\CCF\ADDONS\NUIJSONINTERACTIONMODULE\MAKE\RELEASE\NUIJSONINTERACTIONMODULE.DLL.INTERMEDIATE.MANIFEST
C:\USERS\SHALSTVEDT\CODE\CCF-UNVERSIONED\CCF\ADDONS\NUIJSONINTERACTIONMODULE\MAKE\RELEASE\NUIJSONINTERACTIONMODULE.OBJ
C:\USERS\SHALSTVEDT\CODE\CCF-UNVERSIONED\CCF\ADDONS\NUIJSONINTERACTIONMODULE\MAKE\RELEASE\VC100.PDB
C:\USERS\SHALSTVEDT\CODE\CCF-UNVERSIONED\CCF\BUILD\VS2010\BIN\ADDONS\NUIJSONINTERACTIONMODULE.DLL
C:\Users\shalstvedt\Code\ccf-unversioned\CCF\build\vs2010\bin\addons\nuiJSONInteractionModule.exp
C:\Users\shalstvedt\Code\ccf-unversioned\CCF\build\vs2010\bin\addons\nuiJSONInteractionModule.lib
C:\USERS\SHALSTVEDT\CODE\CCF-UNVERSIONED\CCF\BUILD\VS2010\BIN\ADDONS\NUIJSONINTERACTIONMODULE.PDB
C:\Users\shalstvedt\Documents\GitHub\ccv-revival\CCF\addons\nuiJSONInteractionModule\make\..\..\..\build\vs2010\bin\addons\nuiJSONInteractionModule.dll
C:\Users\shalstvedt\Documents\GitHub\ccv-revival\CCF\addons\nuiJSONInteractionModule\make\Release\cl.command.1.tlog
C:\Users\shalstvedt\Documents\GitHub\ccv-revival\CCF\addons\nuiJSONInteractionModule\make\Release\CL.read.1.tlog
C:\Users\shalstvedt\Documents\GitHub\ccv-revival\CCF\addons\nuiJSONInteractionModule\make\Release\CL.write.1.tlog
C:\Users\shalstvedt\Documents\GitHub\ccv-revival\CCF\addons\nuiJSONInteractionModule\make\Release\link.command.1.tlog
C:\Users\shalstvedt\Documents\GitHub\ccv-revival\CCF\addons\nuiJSONInteractionModule\make\Release\link.read.1.tlog
C:\Users\shalstvedt\Documents\GitHub\ccv-revival\CCF\addons\nuiJSONInteractionModule\make\Release\link.write.1.tlog
C:\Users\shalstvedt\Documents\GitHub\ccv-revival\CCF\addons\nuiJSONInteractionModule\make\Release\mt.command.1.tlog
C:\Users\shalstvedt\Documents\GitHub\ccv-revival\CCF\addons\nuiJSONInteractionModule\make\Release\mt.read.1.tlog
C:\Users\shalstvedt\Documents\GitHub\ccv-revival\CCF\addons\nuiJSONInteractionModule\make\Release\mt.write.1.tlog
C:\Users\shalstvedt\Documents\GitHub\ccv-revival\CCF\addons\nuiJSONInteractionModule\make\Release\nuiJSONInteractionModule.dll.intermediate.manifest
C:\Users\shalstvedt\Documents\GitHub\ccv-revival\CCF\addons\nuiJSONInteractionModule\make\Release\nuiJSONInteractionModule.obj
C:\Users\shalstvedt\Documents\GitHub\ccv-revival\CCF\addons\nuiJSONInteractionModule\make\Release\nuiJSONInteractionModule.write.1.tlog
C:\Users\shalstvedt\Documents\GitHub\ccv-revival\CCF\addons\nuiJSONInteractionModule\make\Release\vc100.pdb
