..\..\..\build\vs2010\bin\addons\nuiDebugInputModule.ilk
..\..\..\build\vs2010\bin\addons\nuiDebugInputModule.pdb
C:\USERS\SHALSTVEDT\CODE\CCF-UNVERSIONED\CCF\ADDONS\NUIDEBUGINPUTMODULE\MAKE\RELEASE\NUIDEBUGINPUTMODULE.DLL.INTERMEDIATE.MANIFEST
C:\USERS\SHALSTVEDT\CODE\CCF-UNVERSIONED\CCF\ADDONS\NUIDEBUGINPUTMODULE\MAKE\RELEASE\NUIDEBUGINPUTMODULE.OBJ
C:\USERS\SHALSTVEDT\CODE\CCF-UNVERSIONED\CCF\ADDONS\NUIDEBUGINPUTMODULE\MAKE\RELEASE\VC100.PDB
C:\USERS\SHALSTVEDT\CODE\CCF-UNVERSIONED\CCF\BUILD\VS2010\BIN\ADDONS\NUIDEBUGINPUTMODULE.DLL
C:\Users\shalstvedt\Code\ccf-unversioned\CCF\build\vs2010\bin\addons\nuiDebugInputModule.exp
C:\Users\shalstvedt\Code\ccf-unversioned\CCF\build\vs2010\bin\addons\nuiDebugInputModule.lib
C:\USERS\SHALSTVEDT\CODE\CCF-UNVERSIONED\CCF\BUILD\VS2010\BIN\ADDONS\NUIDEBUGINPUTMODULE.PDB
C:\Users\shalstvedt\Documents\GitHub\ccv-revival\CCF\addons\nuiDebugInputModule\make\..\..\..\build\vs2010\bin\addons\nuiDebugInputModule.dll
C:\Users\shalstvedt\Documents\GitHub\ccv-revival\CCF\addons\nuiDebugInputModule\make\Release\cl.command.1.tlog
C:\Users\shalstvedt\Documents\GitHub\ccv-revival\CCF\addons\nuiDebugInputModule\make\Release\CL.read.1.tlog
C:\Users\shalstvedt\Documents\GitHub\ccv-revival\CCF\addons\nuiDebugInputModule\make\Release\CL.write.1.tlog
C:\Users\shalstvedt\Documents\GitHub\ccv-revival\CCF\addons\nuiDebugInputModule\make\Release\link.command.1.tlog
C:\Users\shalstvedt\Documents\GitHub\ccv-revival\CCF\addons\nuiDebugInputModule\make\Release\link.read.1.tlog
C:\Users\shalstvedt\Documents\GitHub\ccv-revival\CCF\addons\nuiDebugInputModule\make\Release\link.write.1.tlog
C:\Users\shalstvedt\Documents\GitHub\ccv-revival\CCF\addons\nuiDebugInputModule\make\Release\mt.command.1.tlog
C:\Users\shalstvedt\Documents\GitHub\ccv-revival\CCF\addons\nuiDebugInputModule\make\Release\mt.read.1.tlog
C:\Users\shalstvedt\Documents\GitHub\ccv-revival\CCF\addons\nuiDebugInputModule\make\Release\mt.write.1.tlog
C:\Users\shalstvedt\Documents\GitHub\ccv-revival\CCF\addons\nuiDebugInputModule\make\Release\nuiDebugInputModule.dll.intermediate.manifest
C:\Users\shalstvedt\Documents\GitHub\ccv-revival\CCF\addons\nuiDebugInputModule\make\Release\nuiDebugInputModule.obj
C:\Users\shalstvedt\Documents\GitHub\ccv-revival\CCF\addons\nuiDebugInputModule\make\Release\nuiDebugInputModule.write.1.tlog
C:\Users\shalstvedt\Documents\GitHub\ccv-revival\CCF\addons\nuiDebugInputModule\make\Release\vc100.pdb
