..\..\..\build\vs2010\bin\addons\nuiDebugGestureModule.ilk
..\..\..\build\vs2010\bin\addons\nuiDebugGestureModule.pdb
C:\USERS\SHALSTVEDT\CODE\CCF-UNVERSIONED\CCF\ADDONS\NUIDEBUGGESTUREMODULE\MAKE\RELEASE\NUIDEBUGGESTUREMODULE.DLL.INTERMEDIATE.MANIFEST
C:\USERS\SHALSTVEDT\CODE\CCF-UNVERSIONED\CCF\ADDONS\NUIDEBUGGESTUREMODULE\MAKE\RELEASE\NUIDEBUGGESTUREMODULE.OBJ
C:\USERS\SHALSTVEDT\CODE\CCF-UNVERSIONED\CCF\ADDONS\NUIDEBUGGESTUREMODULE\MAKE\RELEASE\VC100.PDB
C:\USERS\SHALSTVEDT\CODE\CCF-UNVERSIONED\CCF\BUILD\VS2010\BIN\ADDONS\NUIDEBUGGESTUREMODULE.DLL
C:\Users\shalstvedt\Code\ccf-unversioned\CCF\build\vs2010\bin\addons\nuiDebugGestureModule.exp
C:\Users\shalstvedt\Code\ccf-unversioned\CCF\build\vs2010\bin\addons\nuiDebugGestureModule.lib
C:\USERS\SHALSTVEDT\CODE\CCF-UNVERSIONED\CCF\BUILD\VS2010\BIN\ADDONS\NUIDEBUGGESTUREMODULE.PDB
C:\Users\shalstvedt\Documents\GitHub\ccv-revival\CCF\addons\nuiDebugGestureModule\make\..\..\..\build\vs2010\bin\addons\nuiDebugGestureModule.dll
C:\Users\shalstvedt\Documents\GitHub\ccv-revival\CCF\addons\nuiDebugGestureModule\make\Release\cl.command.1.tlog
C:\Users\shalstvedt\Documents\GitHub\ccv-revival\CCF\addons\nuiDebugGestureModule\make\Release\CL.read.1.tlog
C:\Users\shalstvedt\Documents\GitHub\ccv-revival\CCF\addons\nuiDebugGestureModule\make\Release\CL.write.1.tlog
C:\Users\shalstvedt\Documents\GitHub\ccv-revival\CCF\addons\nuiDebugGestureModule\make\Release\link.command.1.tlog
C:\Users\shalstvedt\Documents\GitHub\ccv-revival\CCF\addons\nuiDebugGestureModule\make\Release\link.read.1.tlog
C:\Users\shalstvedt\Documents\GitHub\ccv-revival\CCF\addons\nuiDebugGestureModule\make\Release\link.write.1.tlog
C:\Users\shalstvedt\Documents\GitHub\ccv-revival\CCF\addons\nuiDebugGestureModule\make\Release\mt.command.1.tlog
C:\Users\shalstvedt\Documents\GitHub\ccv-revival\CCF\addons\nuiDebugGestureModule\make\Release\mt.read.1.tlog
C:\Users\shalstvedt\Documents\GitHub\ccv-revival\CCF\addons\nuiDebugGestureModule\make\Release\mt.write.1.tlog
C:\Users\shalstvedt\Documents\GitHub\ccv-revival\CCF\addons\nuiDebugGestureModule\make\Release\nuiDebugGestureModule.dll.intermediate.manifest
C:\Users\shalstvedt\Documents\GitHub\ccv-revival\CCF\addons\nuiDebugGestureModule\make\Release\nuiDebugGestureModule.obj
C:\Users\shalstvedt\Documents\GitHub\ccv-revival\CCF\addons\nuiDebugGestureModule\make\Release\nuiDebugGestureModule.write.1.tlog
C:\Users\shalstvedt\Documents\GitHub\ccv-revival\CCF\addons\nuiDebugGestureModule\make\Release\vc100.pdb
