C:\USERS\SHALSTVEDT\CODE\CCF-UNVERSIONED\CCF\ADDONS\NUISPHINXASRMODULE\MAKE\DEBUG\NUISPHINXASRMODULE.DLL.EMBED.MANIFEST
C:\USERS\SHALSTVEDT\CODE\CCF-UNVERSIONED\CCF\ADDONS\NUISPHINXASRMODULE\MAKE\DEBUG\NUISPHINXASRMODULE.DLL.EMBED.MANIFEST.RES
C:\USERS\SHALSTVEDT\CODE\CCF-UNVERSIONED\CCF\ADDONS\NUISPHINXASRMODULE\MAKE\DEBUG\NUISPHINXASRMODULE.DLL.INTERMEDIATE.MANIFEST
C:\USERS\SHALSTVEDT\CODE\CCF-UNVERSIONED\CCF\ADDONS\NUISPHINXASRMODULE\MAKE\DEBUG\NUISPHINXASRMODULE.OBJ
C:\USERS\SHALSTVEDT\CODE\CCF-UNVERSIONED\CCF\ADDONS\NUISPHINXASRMODULE\MAKE\DEBUG\VC100.PDB
C:\USERS\SHALSTVEDT\CODE\CCF-UNVERSIONED\CCF\BUILD\VS2010\BIN\ADDONS\NUISPHINXASRMODULE.DLL
C:\Users\shalstvedt\Code\ccf-unversioned\CCF\build\vs2010\bin\addons\nuiSphinxASRModule.exp
C:\USERS\SHALSTVEDT\CODE\CCF-UNVERSIONED\CCF\BUILD\VS2010\BIN\ADDONS\NUISPHINXASRMODULE.ILK
C:\Users\shalstvedt\Code\ccf-unversioned\CCF\build\vs2010\bin\addons\nuiSphinxASRModule.lib
C:\USERS\SHALSTVEDT\CODE\CCF-UNVERSIONED\CCF\BUILD\VS2010\BIN\ADDONS\NUISPHINXASRMODULE.PDB
C:\Users\shalstvedt\Documents\GitHub\ccv-revival\CCF\addons\nuiSphinxASRModule\make\Debug\cl.command.1.tlog
C:\Users\shalstvedt\Documents\GitHub\ccv-revival\CCF\addons\nuiSphinxASRModule\make\Debug\CL.read.1.tlog
C:\Users\shalstvedt\Documents\GitHub\ccv-revival\CCF\addons\nuiSphinxASRModule\make\Debug\CL.write.1.tlog
C:\Users\shalstvedt\Documents\GitHub\ccv-revival\CCF\addons\nuiSphinxASRModule\make\Debug\link.5640.read.1.tlog
C:\Users\shalstvedt\Documents\GitHub\ccv-revival\CCF\addons\nuiSphinxASRModule\make\Debug\link.5640.write.1.tlog
C:\Users\shalstvedt\Documents\GitHub\ccv-revival\CCF\addons\nuiSphinxASRModule\make\Debug\link.5640-cvtres.read.1.tlog
C:\Users\shalstvedt\Documents\GitHub\ccv-revival\CCF\addons\nuiSphinxASRModule\make\Debug\link.5640-cvtres.write.1.tlog
C:\Users\shalstvedt\Documents\GitHub\ccv-revival\CCF\addons\nuiSphinxASRModule\make\Debug\link.command.1.tlog
C:\Users\shalstvedt\Documents\GitHub\ccv-revival\CCF\addons\nuiSphinxASRModule\make\Debug\link.read.1.tlog
C:\Users\shalstvedt\Documents\GitHub\ccv-revival\CCF\addons\nuiSphinxASRModule\make\Debug\link.write.1.tlog
C:\Users\shalstvedt\Documents\GitHub\ccv-revival\CCF\addons\nuiSphinxASRModule\make\Debug\link-cvtres.read.1.tlog
C:\Users\shalstvedt\Documents\GitHub\ccv-revival\CCF\addons\nuiSphinxASRModule\make\Debug\link-cvtres.write.1.tlog
C:\Users\shalstvedt\Documents\GitHub\ccv-revival\CCF\addons\nuiSphinxASRModule\make\Debug\mt.command.1.tlog
C:\Users\shalstvedt\Documents\GitHub\ccv-revival\CCF\addons\nuiSphinxASRModule\make\Debug\mt.read.1.tlog
C:\Users\shalstvedt\Documents\GitHub\ccv-revival\CCF\addons\nuiSphinxASRModule\make\Debug\mt.write.1.tlog
C:\Users\shalstvedt\Documents\GitHub\ccv-revival\CCF\addons\nuiSphinxASRModule\make\Debug\nuiSphinxASRModule.dll.embed.manifest
C:\Users\shalstvedt\Documents\GitHub\ccv-revival\CCF\addons\nuiSphinxASRModule\make\Debug\nuiSphinxASRModule.dll.embed.manifest.res
C:\Users\shalstvedt\Documents\GitHub\ccv-revival\CCF\addons\nuiSphinxASRModule\make\Debug\nuiSphinxASRModule.dll.intermediate.manifest
C:\Users\shalstvedt\Documents\GitHub\ccv-revival\CCF\addons\nuiSphinxASRModule\make\Debug\nuiSphinxASRModule.obj
C:\Users\shalstvedt\Documents\GitHub\ccv-revival\CCF\addons\nuiSphinxASRModule\make\Debug\nuiSphinxASRModule.write.1.tlog
C:\Users\shalstvedt\Documents\GitHub\ccv-revival\CCF\addons\nuiSphinxASRModule\make\Debug\nuiSphinxASRModule_manifest.rc
C:\Users\shalstvedt\Documents\GitHub\ccv-revival\CCF\addons\nuiSphinxASRModule\make\Debug\rc.command.1.tlog
C:\Users\shalstvedt\Documents\GitHub\ccv-revival\CCF\addons\nuiSphinxASRModule\make\Debug\rc.read.1.tlog
C:\Users\shalstvedt\Documents\GitHub\ccv-revival\CCF\addons\nuiSphinxASRModule\make\Debug\rc.write.1.tlog
C:\Users\shalstvedt\Documents\GitHub\ccv-revival\CCF\addons\nuiSphinxASRModule\make\Debug\vc100.idb
C:\Users\shalstvedt\Documents\GitHub\ccv-revival\CCF\addons\nuiSphinxASRModule\make\Debug\vc100.pdb
