..\..\..\build\vs2010\bin\addons\nuiJSONInteractionModule.ilk
..\..\..\build\vs2010\bin\addons\nuiJSONInteractionModule.pdb
C:\Users\Kyle\Documents\GitHub\ccv-revival\addons\nuiJSONInteractionModule\make\..\..\..\build\vs2010\bin\addons\nuiJSONInteractionModule.dll
C:\Users\Kyle\Documents\GitHub\ccv-revival\addons\nuiJSONInteractionModule\make\Debug\cl.command.1.tlog
C:\Users\Kyle\Documents\GitHub\ccv-revival\addons\nuiJSONInteractionModule\make\Debug\CL.read.1.tlog
C:\Users\Kyle\Documents\GitHub\ccv-revival\addons\nuiJSONInteractionModule\make\Debug\CL.write.1.tlog
C:\Users\Kyle\Documents\GitHub\ccv-revival\addons\nuiJSONInteractionModule\make\Debug\link.4924.read.1.tlog
C:\Users\Kyle\Documents\GitHub\ccv-revival\addons\nuiJSONInteractionModule\make\Debug\link.4924.write.1.tlog
C:\Users\Kyle\Documents\GitHub\ccv-revival\addons\nuiJSONInteractionModule\make\Debug\link.4924-cvtres.read.1.tlog
C:\Users\Kyle\Documents\GitHub\ccv-revival\addons\nuiJSONInteractionModule\make\Debug\link.4924-cvtres.write.1.tlog
C:\Users\Kyle\Documents\GitHub\ccv-revival\addons\nuiJSONInteractionModule\make\Debug\link.command.1.tlog
C:\Users\Kyle\Documents\GitHub\ccv-revival\addons\nuiJSONInteractionModule\make\Debug\link.read.1.tlog
C:\Users\Kyle\Documents\GitHub\ccv-revival\addons\nuiJSONInteractionModule\make\Debug\link.write.1.tlog
C:\Users\Kyle\Documents\GitHub\ccv-revival\addons\nuiJSONInteractionModule\make\Debug\link-cvtres.read.1.tlog
C:\Users\Kyle\Documents\GitHub\ccv-revival\addons\nuiJSONInteractionModule\make\Debug\link-cvtres.write.1.tlog
C:\Users\Kyle\Documents\GitHub\ccv-revival\addons\nuiJSONInteractionModule\make\Debug\mt.command.1.tlog
C:\Users\Kyle\Documents\GitHub\ccv-revival\addons\nuiJSONInteractionModule\make\Debug\mt.read.1.tlog
C:\Users\Kyle\Documents\GitHub\ccv-revival\addons\nuiJSONInteractionModule\make\Debug\mt.write.1.tlog
C:\USERS\KYLE\DOCUMENTS\GITHUB\CCV-REVIVAL\ADDONS\NUIJSONINTERACTIONMODULE\MAKE\DEBUG\NUIJSONINTERACTIONMODULE.DLL.EMBED.MANIFEST
C:\USERS\KYLE\DOCUMENTS\GITHUB\CCV-REVIVAL\ADDONS\NUIJSONINTERACTIONMODULE\MAKE\DEBUG\NUIJSONINTERACTIONMODULE.DLL.EMBED.MANIFEST.RES
C:\USERS\KYLE\DOCUMENTS\GITHUB\CCV-REVIVAL\ADDONS\NUIJSONINTERACTIONMODULE\MAKE\DEBUG\NUIJSONINTERACTIONMODULE.DLL.INTERMEDIATE.MANIFEST
C:\USERS\KYLE\DOCUMENTS\GITHUB\CCV-REVIVAL\ADDONS\NUIJSONINTERACTIONMODULE\MAKE\DEBUG\NUIJSONINTERACTIONMODULE.OBJ
C:\Users\Kyle\Documents\GitHub\ccv-revival\addons\nuiJSONInteractionModule\make\Debug\nuiJSONInteractionModule.write.1.tlog
C:\Users\Kyle\Documents\GitHub\ccv-revival\addons\nuiJSONInteractionModule\make\Debug\nuiJSONInteractionModule_manifest.rc
C:\Users\Kyle\Documents\GitHub\ccv-revival\addons\nuiJSONInteractionModule\make\Debug\rc.command.1.tlog
C:\Users\Kyle\Documents\GitHub\ccv-revival\addons\nuiJSONInteractionModule\make\Debug\rc.read.1.tlog
C:\Users\Kyle\Documents\GitHub\ccv-revival\addons\nuiJSONInteractionModule\make\Debug\rc.write.1.tlog
C:\Users\Kyle\Documents\GitHub\ccv-revival\addons\nuiJSONInteractionModule\make\Debug\vc100.idb
C:\USERS\KYLE\DOCUMENTS\GITHUB\CCV-REVIVAL\ADDONS\NUIJSONINTERACTIONMODULE\MAKE\DEBUG\VC100.PDB
C:\USERS\KYLE\DOCUMENTS\GITHUB\CCV-REVIVAL\BUILD\VS2010\BIN\ADDONS\NUIJSONINTERACTIONMODULE.DLL
C:\Users\Kyle\Documents\GitHub\ccv-revival\build\vs2010\bin\addons\nuiJSONInteractionModule.exp
C:\USERS\KYLE\DOCUMENTS\GITHUB\CCV-REVIVAL\BUILD\VS2010\BIN\ADDONS\NUIJSONINTERACTIONMODULE.ILK
C:\Users\Kyle\Documents\GitHub\ccv-revival\build\vs2010\bin\addons\nuiJSONInteractionModule.lib
C:\USERS\KYLE\DOCUMENTS\GITHUB\CCV-REVIVAL\BUILD\VS2010\BIN\ADDONS\NUIJSONINTERACTIONMODULE.PDB
