C:\USERS\SHALSTVEDT\CODE\CCF-UNVERSIONED\CCF\BUILD\VS2010\LIB\NUIMODULE.LIB
C:\USERS\SHALSTVEDT\CODE\CCF-UNVERSIONED\CCF\LIBS\NUIMODULE\MAKE\VC2010\RELEASE\NUIDATAPACKET.OBJ
C:\USERS\SHALSTVEDT\CODE\CCF-UNVERSIONED\CCF\LIBS\NUIMODULE\MAKE\VC2010\RELEASE\NUIDATASTREAM.OBJ
C:\USERS\SHALSTVEDT\CODE\CCF-UNVERSIONED\CCF\LIBS\NUIMODULE\MAKE\VC2010\RELEASE\NUIENDPOINT.OBJ
C:\USERS\SHALSTVEDT\CODE\CCF-UNVERSIONED\CCF\LIBS\NUIMODULE\MAKE\VC2010\RELEASE\NUIMODULE.OBJ
C:\USERS\SHALSTVEDT\CODE\CCF-UNVERSIONED\CCF\LIBS\NUIMODULE\MAKE\VC2010\RELEASE\NUIMULTIMODALSYNTAXTREE.OBJ
C:\USERS\SHALSTVEDT\CODE\CCF-UNVERSIONED\CCF\LIBS\NUIMODULE\MAKE\VC2010\RELEASE\VC100.PDB
C:\Users\shalstvedt\Documents\GitHub\ccv-revival\CCF\build\vs2010\\lib\nuiModule.lib
C:\Users\shalstvedt\Documents\GitHub\ccv-revival\CCF\libs\nuiModule\make\vc2010\Release\cl.command.1.tlog
C:\Users\shalstvedt\Documents\GitHub\ccv-revival\CCF\libs\nuiModule\make\vc2010\Release\CL.read.1.tlog
C:\Users\shalstvedt\Documents\GitHub\ccv-revival\CCF\libs\nuiModule\make\vc2010\Release\CL.write.1.tlog
C:\Users\shalstvedt\Documents\GitHub\ccv-revival\CCF\libs\nuiModule\make\vc2010\Release\lib.command.1.tlog
C:\Users\shalstvedt\Documents\GitHub\ccv-revival\CCF\libs\nuiModule\make\vc2010\Release\Lib-link.read.1.tlog
C:\Users\shalstvedt\Documents\GitHub\ccv-revival\CCF\libs\nuiModule\make\vc2010\Release\Lib-link.write.1.tlog
C:\Users\shalstvedt\Documents\GitHub\ccv-revival\CCF\libs\nuiModule\make\vc2010\Release\nuiDataPacket.obj
C:\Users\shalstvedt\Documents\GitHub\ccv-revival\CCF\libs\nuiModule\make\vc2010\Release\nuiDataStream.obj
C:\Users\shalstvedt\Documents\GitHub\ccv-revival\CCF\libs\nuiModule\make\vc2010\Release\nuiEndpoint.obj
C:\Users\shalstvedt\Documents\GitHub\ccv-revival\CCF\libs\nuiModule\make\vc2010\Release\nuiModule.obj
C:\Users\shalstvedt\Documents\GitHub\ccv-revival\CCF\libs\nuiModule\make\vc2010\Release\nuiMultimodalSyntaxTree.obj
C:\Users\shalstvedt\Documents\GitHub\ccv-revival\CCF\libs\nuiModule\make\vc2010\Release\vc100.pdb
