C:\USERS\SHALSTVEDT\CODE\CCF-UNVERSIONED\CCF\ADDONS\NUITEMPORALFUSIONMODULE\MAKE\DEBUG\NUITEMPORALFUSIONMODULE.DLL.EMBED.MANIFEST
C:\USERS\SHALSTVEDT\CODE\CCF-UNVERSIONED\CCF\ADDONS\NUITEMPORALFUSIONMODULE\MAKE\DEBUG\NUITEMPORALFUSIONMODULE.DLL.EMBED.MANIFEST.RES
C:\USERS\SHALSTVEDT\CODE\CCF-UNVERSIONED\CCF\ADDONS\NUITEMPORALFUSIONMODULE\MAKE\DEBUG\NUITEMPORALFUSIONMODULE.DLL.INTERMEDIATE.MANIFEST
C:\USERS\SHALSTVEDT\CODE\CCF-UNVERSIONED\CCF\ADDONS\NUITEMPORALFUSIONMODULE\MAKE\DEBUG\NUITEMPORALFUSIONMODULE.OBJ
C:\USERS\SHALSTVEDT\CODE\CCF-UNVERSIONED\CCF\ADDONS\NUITEMPORALFUSIONMODULE\MAKE\DEBUG\VC100.PDB
C:\USERS\SHALSTVEDT\CODE\CCF-UNVERSIONED\CCF\BUILD\VS2010\BIN\ADDONS\NUITEMPORALFUSIONMODULE.DLL
C:\Users\shalstvedt\Code\ccf-unversioned\CCF\build\vs2010\bin\addons\nuiTemporalFusionModule.exp
C:\USERS\SHALSTVEDT\CODE\CCF-UNVERSIONED\CCF\BUILD\VS2010\BIN\ADDONS\NUITEMPORALFUSIONMODULE.ILK
C:\Users\shalstvedt\Code\ccf-unversioned\CCF\build\vs2010\bin\addons\nuiTemporalFusionModule.lib
C:\USERS\SHALSTVEDT\CODE\CCF-UNVERSIONED\CCF\BUILD\VS2010\BIN\ADDONS\NUITEMPORALFUSIONMODULE.PDB
C:\Users\shalstvedt\Documents\GitHub\ccv-revival\CCF\addons\nuiTemporalFusionModule\make\Debug\cl.command.1.tlog
C:\Users\shalstvedt\Documents\GitHub\ccv-revival\CCF\addons\nuiTemporalFusionModule\make\Debug\CL.read.1.tlog
C:\Users\shalstvedt\Documents\GitHub\ccv-revival\CCF\addons\nuiTemporalFusionModule\make\Debug\CL.write.1.tlog
C:\Users\shalstvedt\Documents\GitHub\ccv-revival\CCF\addons\nuiTemporalFusionModule\make\Debug\link.672.read.1.tlog
C:\Users\shalstvedt\Documents\GitHub\ccv-revival\CCF\addons\nuiTemporalFusionModule\make\Debug\link.672.write.1.tlog
C:\Users\shalstvedt\Documents\GitHub\ccv-revival\CCF\addons\nuiTemporalFusionModule\make\Debug\link.672-cvtres.read.1.tlog
C:\Users\shalstvedt\Documents\GitHub\ccv-revival\CCF\addons\nuiTemporalFusionModule\make\Debug\link.672-cvtres.write.1.tlog
C:\Users\shalstvedt\Documents\GitHub\ccv-revival\CCF\addons\nuiTemporalFusionModule\make\Debug\link.command.1.tlog
C:\Users\shalstvedt\Documents\GitHub\ccv-revival\CCF\addons\nuiTemporalFusionModule\make\Debug\link.read.1.tlog
C:\Users\shalstvedt\Documents\GitHub\ccv-revival\CCF\addons\nuiTemporalFusionModule\make\Debug\link.write.1.tlog
C:\Users\shalstvedt\Documents\GitHub\ccv-revival\CCF\addons\nuiTemporalFusionModule\make\Debug\link-cvtres.read.1.tlog
C:\Users\shalstvedt\Documents\GitHub\ccv-revival\CCF\addons\nuiTemporalFusionModule\make\Debug\link-cvtres.write.1.tlog
C:\Users\shalstvedt\Documents\GitHub\ccv-revival\CCF\addons\nuiTemporalFusionModule\make\Debug\mt.command.1.tlog
C:\Users\shalstvedt\Documents\GitHub\ccv-revival\CCF\addons\nuiTemporalFusionModule\make\Debug\mt.read.1.tlog
C:\Users\shalstvedt\Documents\GitHub\ccv-revival\CCF\addons\nuiTemporalFusionModule\make\Debug\mt.write.1.tlog
C:\Users\shalstvedt\Documents\GitHub\ccv-revival\CCF\addons\nuiTemporalFusionModule\make\Debug\nuiTemporalFusionModule.dll.embed.manifest
C:\Users\shalstvedt\Documents\GitHub\ccv-revival\CCF\addons\nuiTemporalFusionModule\make\Debug\nuiTemporalFusionModule.dll.embed.manifest.res
C:\Users\shalstvedt\Documents\GitHub\ccv-revival\CCF\addons\nuiTemporalFusionModule\make\Debug\nuiTemporalFusionModule.dll.intermediate.manifest
C:\Users\shalstvedt\Documents\GitHub\ccv-revival\CCF\addons\nuiTemporalFusionModule\make\Debug\nuiTemporalFusionModule.obj
C:\Users\shalstvedt\Documents\GitHub\ccv-revival\CCF\addons\nuiTemporalFusionModule\make\Debug\nuiTemporalFusionModule.write.1.tlog
C:\Users\shalstvedt\Documents\GitHub\ccv-revival\CCF\addons\nuiTemporalFusionModule\make\Debug\nuiTemporalFusionModule_manifest.rc
C:\Users\shalstvedt\Documents\GitHub\ccv-revival\CCF\addons\nuiTemporalFusionModule\make\Debug\rc.command.1.tlog
C:\Users\shalstvedt\Documents\GitHub\ccv-revival\CCF\addons\nuiTemporalFusionModule\make\Debug\rc.read.1.tlog
C:\Users\shalstvedt\Documents\GitHub\ccv-revival\CCF\addons\nuiTemporalFusionModule\make\Debug\rc.write.1.tlog
C:\Users\shalstvedt\Documents\GitHub\ccv-revival\CCF\addons\nuiTemporalFusionModule\make\Debug\vc100.idb
C:\Users\shalstvedt\Documents\GitHub\ccv-revival\CCF\addons\nuiTemporalFusionModule\make\Debug\vc100.pdb
