C:\USERS\SHALSTVEDT\CODE\CCF-UNVERSIONED\CCF\ADDONS\NUIDEBUGINPUTMODULE\MAKE\DEBUG\NUIDEBUGINPUTMODULE.DLL.EMBED.MANIFEST
C:\USERS\SHALSTVEDT\CODE\CCF-UNVERSIONED\CCF\ADDONS\NUIDEBUGINPUTMODULE\MAKE\DEBUG\NUIDEBUGINPUTMODULE.DLL.EMBED.MANIFEST.RES
C:\USERS\SHALSTVEDT\CODE\CCF-UNVERSIONED\CCF\ADDONS\NUIDEBUGINPUTMODULE\MAKE\DEBUG\NUIDEBUGINPUTMODULE.DLL.INTERMEDIATE.MANIFEST
C:\USERS\SHALSTVEDT\CODE\CCF-UNVERSIONED\CCF\ADDONS\NUIDEBUGINPUTMODULE\MAKE\DEBUG\NUIDEBUGINPUTMODULE.OBJ
C:\USERS\SHALSTVEDT\CODE\CCF-UNVERSIONED\CCF\ADDONS\NUIDEBUGINPUTMODULE\MAKE\DEBUG\VC100.PDB
C:\USERS\SHALSTVEDT\CODE\CCF-UNVERSIONED\CCF\BUILD\VS2010\BIN\ADDONS\NUIDEBUGINPUTMODULE.DLL
C:\Users\shalstvedt\Code\ccf-unversioned\CCF\build\vs2010\bin\addons\nuiDebugInputModule.exp
C:\USERS\SHALSTVEDT\CODE\CCF-UNVERSIONED\CCF\BUILD\VS2010\BIN\ADDONS\NUIDEBUGINPUTMODULE.ILK
C:\Users\shalstvedt\Code\ccf-unversioned\CCF\build\vs2010\bin\addons\nuiDebugInputModule.lib
C:\USERS\SHALSTVEDT\CODE\CCF-UNVERSIONED\CCF\BUILD\VS2010\BIN\ADDONS\NUIDEBUGINPUTMODULE.PDB
C:\Users\shalstvedt\Documents\GitHub\ccv-revival\CCF\addons\nuiDebugInputModule\make\Debug\cl.command.1.tlog
C:\Users\shalstvedt\Documents\GitHub\ccv-revival\CCF\addons\nuiDebugInputModule\make\Debug\CL.read.1.tlog
C:\Users\shalstvedt\Documents\GitHub\ccv-revival\CCF\addons\nuiDebugInputModule\make\Debug\CL.write.1.tlog
C:\Users\shalstvedt\Documents\GitHub\ccv-revival\CCF\addons\nuiDebugInputModule\make\Debug\link.708.read.1.tlog
C:\Users\shalstvedt\Documents\GitHub\ccv-revival\CCF\addons\nuiDebugInputModule\make\Debug\link.708.write.1.tlog
C:\Users\shalstvedt\Documents\GitHub\ccv-revival\CCF\addons\nuiDebugInputModule\make\Debug\link.708-cvtres.read.1.tlog
C:\Users\shalstvedt\Documents\GitHub\ccv-revival\CCF\addons\nuiDebugInputModule\make\Debug\link.708-cvtres.write.1.tlog
C:\Users\shalstvedt\Documents\GitHub\ccv-revival\CCF\addons\nuiDebugInputModule\make\Debug\link.command.1.tlog
C:\Users\shalstvedt\Documents\GitHub\ccv-revival\CCF\addons\nuiDebugInputModule\make\Debug\link.read.1.tlog
C:\Users\shalstvedt\Documents\GitHub\ccv-revival\CCF\addons\nuiDebugInputModule\make\Debug\link.write.1.tlog
C:\Users\shalstvedt\Documents\GitHub\ccv-revival\CCF\addons\nuiDebugInputModule\make\Debug\link-cvtres.read.1.tlog
C:\Users\shalstvedt\Documents\GitHub\ccv-revival\CCF\addons\nuiDebugInputModule\make\Debug\link-cvtres.write.1.tlog
C:\Users\shalstvedt\Documents\GitHub\ccv-revival\CCF\addons\nuiDebugInputModule\make\Debug\mt.command.1.tlog
C:\Users\shalstvedt\Documents\GitHub\ccv-revival\CCF\addons\nuiDebugInputModule\make\Debug\mt.read.1.tlog
C:\Users\shalstvedt\Documents\GitHub\ccv-revival\CCF\addons\nuiDebugInputModule\make\Debug\mt.write.1.tlog
C:\Users\shalstvedt\Documents\GitHub\ccv-revival\CCF\addons\nuiDebugInputModule\make\Debug\nuiDebugInputModule.dll.embed.manifest
C:\Users\shalstvedt\Documents\GitHub\ccv-revival\CCF\addons\nuiDebugInputModule\make\Debug\nuiDebugInputModule.dll.embed.manifest.res
C:\Users\shalstvedt\Documents\GitHub\ccv-revival\CCF\addons\nuiDebugInputModule\make\Debug\nuiDebugInputModule.dll.intermediate.manifest
C:\Users\shalstvedt\Documents\GitHub\ccv-revival\CCF\addons\nuiDebugInputModule\make\Debug\nuiDebugInputModule.obj
C:\Users\shalstvedt\Documents\GitHub\ccv-revival\CCF\addons\nuiDebugInputModule\make\Debug\nuiDebugInputModule.write.1.tlog
C:\Users\shalstvedt\Documents\GitHub\ccv-revival\CCF\addons\nuiDebugInputModule\make\Debug\nuiDebugInputModule_manifest.rc
C:\Users\shalstvedt\Documents\GitHub\ccv-revival\CCF\addons\nuiDebugInputModule\make\Debug\rc.command.1.tlog
C:\Users\shalstvedt\Documents\GitHub\ccv-revival\CCF\addons\nuiDebugInputModule\make\Debug\rc.read.1.tlog
C:\Users\shalstvedt\Documents\GitHub\ccv-revival\CCF\addons\nuiDebugInputModule\make\Debug\rc.write.1.tlog
C:\Users\shalstvedt\Documents\GitHub\ccv-revival\CCF\addons\nuiDebugInputModule\make\Debug\vc100.idb
C:\Users\shalstvedt\Documents\GitHub\ccv-revival\CCF\addons\nuiDebugInputModule\make\Debug\vc100.pdb
