..\..\..\build\vs2010\bin\addons\nuiDebugInputModule.ilk
..\..\..\build\vs2010\bin\addons\nuiDebugInputModule.pdb
C:\Users\Kyle\Documents\GitHub\ccv-revival\addons\nuiDebugInputModule\make\..\..\..\build\vs2010\bin\addons\nuiDebugInputModule.dll
C:\Users\Kyle\Documents\GitHub\ccv-revival\addons\nuiDebugInputModule\make\Debug\cl.command.1.tlog
C:\Users\Kyle\Documents\GitHub\ccv-revival\addons\nuiDebugInputModule\make\Debug\CL.read.1.tlog
C:\Users\Kyle\Documents\GitHub\ccv-revival\addons\nuiDebugInputModule\make\Debug\CL.write.1.tlog
C:\Users\Kyle\Documents\GitHub\ccv-revival\addons\nuiDebugInputModule\make\Debug\link.5480.read.1.tlog
C:\Users\Kyle\Documents\GitHub\ccv-revival\addons\nuiDebugInputModule\make\Debug\link.5480.write.1.tlog
C:\Users\Kyle\Documents\GitHub\ccv-revival\addons\nuiDebugInputModule\make\Debug\link.5480-cvtres.read.1.tlog
C:\Users\Kyle\Documents\GitHub\ccv-revival\addons\nuiDebugInputModule\make\Debug\link.5480-cvtres.write.1.tlog
C:\Users\Kyle\Documents\GitHub\ccv-revival\addons\nuiDebugInputModule\make\Debug\link.command.1.tlog
C:\Users\Kyle\Documents\GitHub\ccv-revival\addons\nuiDebugInputModule\make\Debug\link.read.1.tlog
C:\Users\Kyle\Documents\GitHub\ccv-revival\addons\nuiDebugInputModule\make\Debug\link.write.1.tlog
C:\Users\Kyle\Documents\GitHub\ccv-revival\addons\nuiDebugInputModule\make\Debug\link-cvtres.read.1.tlog
C:\Users\Kyle\Documents\GitHub\ccv-revival\addons\nuiDebugInputModule\make\Debug\link-cvtres.write.1.tlog
C:\Users\Kyle\Documents\GitHub\ccv-revival\addons\nuiDebugInputModule\make\Debug\mt.command.1.tlog
C:\Users\Kyle\Documents\GitHub\ccv-revival\addons\nuiDebugInputModule\make\Debug\mt.read.1.tlog
C:\Users\Kyle\Documents\GitHub\ccv-revival\addons\nuiDebugInputModule\make\Debug\mt.write.1.tlog
C:\USERS\KYLE\DOCUMENTS\GITHUB\CCV-REVIVAL\ADDONS\NUIDEBUGINPUTMODULE\MAKE\DEBUG\NUIDEBUGINPUTMODULE.DLL.EMBED.MANIFEST
C:\USERS\KYLE\DOCUMENTS\GITHUB\CCV-REVIVAL\ADDONS\NUIDEBUGINPUTMODULE\MAKE\DEBUG\NUIDEBUGINPUTMODULE.DLL.EMBED.MANIFEST.RES
C:\USERS\KYLE\DOCUMENTS\GITHUB\CCV-REVIVAL\ADDONS\NUIDEBUGINPUTMODULE\MAKE\DEBUG\NUIDEBUGINPUTMODULE.DLL.INTERMEDIATE.MANIFEST
C:\USERS\KYLE\DOCUMENTS\GITHUB\CCV-REVIVAL\ADDONS\NUIDEBUGINPUTMODULE\MAKE\DEBUG\NUIDEBUGINPUTMODULE.OBJ
C:\Users\Kyle\Documents\GitHub\ccv-revival\addons\nuiDebugInputModule\make\Debug\nuiDebugInputModule.write.1.tlog
C:\Users\Kyle\Documents\GitHub\ccv-revival\addons\nuiDebugInputModule\make\Debug\nuiDebugInputModule_manifest.rc
C:\Users\Kyle\Documents\GitHub\ccv-revival\addons\nuiDebugInputModule\make\Debug\rc.command.1.tlog
C:\Users\Kyle\Documents\GitHub\ccv-revival\addons\nuiDebugInputModule\make\Debug\rc.read.1.tlog
C:\Users\Kyle\Documents\GitHub\ccv-revival\addons\nuiDebugInputModule\make\Debug\rc.write.1.tlog
C:\Users\Kyle\Documents\GitHub\ccv-revival\addons\nuiDebugInputModule\make\Debug\vc100.idb
C:\USERS\KYLE\DOCUMENTS\GITHUB\CCV-REVIVAL\ADDONS\NUIDEBUGINPUTMODULE\MAKE\DEBUG\VC100.PDB
C:\USERS\KYLE\DOCUMENTS\GITHUB\CCV-REVIVAL\BUILD\VS2010\BIN\ADDONS\NUIDEBUGINPUTMODULE.DLL
C:\Users\Kyle\Documents\GitHub\ccv-revival\build\vs2010\bin\addons\nuiDebugInputModule.exp
C:\USERS\KYLE\DOCUMENTS\GITHUB\CCV-REVIVAL\BUILD\VS2010\BIN\ADDONS\NUIDEBUGINPUTMODULE.ILK
C:\Users\Kyle\Documents\GitHub\ccv-revival\build\vs2010\bin\addons\nuiDebugInputModule.lib
C:\USERS\KYLE\DOCUMENTS\GITHUB\CCV-REVIVAL\BUILD\VS2010\BIN\ADDONS\NUIDEBUGINPUTMODULE.PDB
