C:\USERS\SHALSTVEDT\CODE\CCF-UNVERSIONED\CCF\BUILD\VS2010\LIB\NUIFRAMEWORK.LIB
C:\USERS\SHALSTVEDT\CODE\CCF-UNVERSIONED\CCF\LIBS\NUIFRAMEWORK\MAKE\RELEASE\NUIDAEMON.OBJ
C:\USERS\SHALSTVEDT\CODE\CCF-UNVERSIONED\CCF\LIBS\NUIFRAMEWORK\MAKE\RELEASE\NUIDYNAMICLIBRARY.OBJ
C:\USERS\SHALSTVEDT\CODE\CCF-UNVERSIONED\CCF\LIBS\NUIFRAMEWORK\MAKE\RELEASE\NUIFACTORY.OBJ
C:\USERS\SHALSTVEDT\CODE\CCF-UNVERSIONED\CCF\LIBS\NUIFRAMEWORK\MAKE\RELEASE\NUIFRAMEWORKMANAGER.OBJ
C:\USERS\SHALSTVEDT\CODE\CCF-UNVERSIONED\CCF\LIBS\NUIFRAMEWORK\MAKE\RELEASE\NUIPIPELINE.OBJ
C:\USERS\SHALSTVEDT\CODE\CCF-UNVERSIONED\CCF\LIBS\NUIFRAMEWORK\MAKE\RELEASE\NUIPLUGINENTITY.OBJ
C:\USERS\SHALSTVEDT\CODE\CCF-UNVERSIONED\CCF\LIBS\NUIFRAMEWORK\MAKE\RELEASE\NUIPLUGINMANAGER.OBJ
C:\USERS\SHALSTVEDT\CODE\CCF-UNVERSIONED\CCF\LIBS\NUIFRAMEWORK\MAKE\RELEASE\VC100.PDB
C:\Users\shalstvedt\Documents\GitHub\ccv-revival\CCF\build\vs2010\\lib\nuiFramework.lib
C:\Users\shalstvedt\Documents\GitHub\ccv-revival\CCF\libs\nuiFramework\make\Release\cl.command.1.tlog
C:\Users\shalstvedt\Documents\GitHub\ccv-revival\CCF\libs\nuiFramework\make\Release\CL.read.1.tlog
C:\Users\shalstvedt\Documents\GitHub\ccv-revival\CCF\libs\nuiFramework\make\Release\CL.write.1.tlog
C:\Users\shalstvedt\Documents\GitHub\ccv-revival\CCF\libs\nuiFramework\make\Release\lib.command.1.tlog
C:\Users\shalstvedt\Documents\GitHub\ccv-revival\CCF\libs\nuiFramework\make\Release\Lib-link.read.1.tlog
C:\Users\shalstvedt\Documents\GitHub\ccv-revival\CCF\libs\nuiFramework\make\Release\Lib-link.write.1.tlog
C:\Users\shalstvedt\Documents\GitHub\ccv-revival\CCF\libs\nuiFramework\make\Release\nuiDaemon.obj
C:\Users\shalstvedt\Documents\GitHub\ccv-revival\CCF\libs\nuiFramework\make\Release\nuiDynamicLibrary.obj
C:\Users\shalstvedt\Documents\GitHub\ccv-revival\CCF\libs\nuiFramework\make\Release\nuiFactory.obj
C:\Users\shalstvedt\Documents\GitHub\ccv-revival\CCF\libs\nuiFramework\make\Release\nuiFrameworkManager.obj
C:\Users\shalstvedt\Documents\GitHub\ccv-revival\CCF\libs\nuiFramework\make\Release\nuiPipeline.obj
C:\Users\shalstvedt\Documents\GitHub\ccv-revival\CCF\libs\nuiFramework\make\Release\nuiPluginEntity.obj
C:\Users\shalstvedt\Documents\GitHub\ccv-revival\CCF\libs\nuiFramework\make\Release\nuiPluginManager.obj
C:\Users\shalstvedt\Documents\GitHub\ccv-revival\CCF\libs\nuiFramework\make\Release\vc100.pdb
