C:\USERS\SHALSTVEDT\CODE\CCF-UNVERSIONED\CCF\ADDONS\NUIDEBUGGESTUREOUTPUTMODULE\MAKE\DEBUG\NUIDEBUGGESTUREOUTPUTMODULE.DLL.EMBED.MANIFEST
C:\USERS\SHALSTVEDT\CODE\CCF-UNVERSIONED\CCF\ADDONS\NUIDEBUGGESTUREOUTPUTMODULE\MAKE\DEBUG\NUIDEBUGGESTUREOUTPUTMODULE.DLL.EMBED.MANIFEST.RES
C:\USERS\SHALSTVEDT\CODE\CCF-UNVERSIONED\CCF\ADDONS\NUIDEBUGGESTUREOUTPUTMODULE\MAKE\DEBUG\NUIDEBUGGESTUREOUTPUTMODULE.DLL.INTERMEDIATE.MANIFEST
C:\USERS\SHALSTVEDT\CODE\CCF-UNVERSIONED\CCF\ADDONS\NUIDEBUGGESTUREOUTPUTMODULE\MAKE\DEBUG\NUIDEBUGGESTUREOUTPUTMODULE.OBJ
C:\USERS\SHALSTVEDT\CODE\CCF-UNVERSIONED\CCF\ADDONS\NUIDEBUGGESTUREOUTPUTMODULE\MAKE\DEBUG\VC100.PDB
C:\USERS\SHALSTVEDT\CODE\CCF-UNVERSIONED\CCF\BUILD\VS2010\BIN\ADDONS\NUIDEBUGGESTUREOUTPUTMODULE.DLL
C:\Users\shalstvedt\Code\ccf-unversioned\CCF\build\vs2010\bin\addons\nuiDebugGestureOutputModule.exp
C:\USERS\SHALSTVEDT\CODE\CCF-UNVERSIONED\CCF\BUILD\VS2010\BIN\ADDONS\NUIDEBUGGESTUREOUTPUTMODULE.ILK
C:\Users\shalstvedt\Code\ccf-unversioned\CCF\build\vs2010\bin\addons\nuiDebugGestureOutputModule.lib
C:\USERS\SHALSTVEDT\CODE\CCF-UNVERSIONED\CCF\BUILD\VS2010\BIN\ADDONS\NUIDEBUGGESTUREOUTPUTMODULE.PDB
C:\Users\shalstvedt\Documents\GitHub\ccv-revival\CCF\addons\nuiDebugGestureOutputModule\make\Debug\cl.command.1.tlog
C:\Users\shalstvedt\Documents\GitHub\ccv-revival\CCF\addons\nuiDebugGestureOutputModule\make\Debug\CL.read.1.tlog
C:\Users\shalstvedt\Documents\GitHub\ccv-revival\CCF\addons\nuiDebugGestureOutputModule\make\Debug\CL.write.1.tlog
C:\Users\shalstvedt\Documents\GitHub\ccv-revival\CCF\addons\nuiDebugGestureOutputModule\make\Debug\link.5612.read.1.tlog
C:\Users\shalstvedt\Documents\GitHub\ccv-revival\CCF\addons\nuiDebugGestureOutputModule\make\Debug\link.5612.write.1.tlog
C:\Users\shalstvedt\Documents\GitHub\ccv-revival\CCF\addons\nuiDebugGestureOutputModule\make\Debug\link.5612-cvtres.read.1.tlog
C:\Users\shalstvedt\Documents\GitHub\ccv-revival\CCF\addons\nuiDebugGestureOutputModule\make\Debug\link.5612-cvtres.write.1.tlog
C:\Users\shalstvedt\Documents\GitHub\ccv-revival\CCF\addons\nuiDebugGestureOutputModule\make\Debug\link.command.1.tlog
C:\Users\shalstvedt\Documents\GitHub\ccv-revival\CCF\addons\nuiDebugGestureOutputModule\make\Debug\link.read.1.tlog
C:\Users\shalstvedt\Documents\GitHub\ccv-revival\CCF\addons\nuiDebugGestureOutputModule\make\Debug\link.write.1.tlog
C:\Users\shalstvedt\Documents\GitHub\ccv-revival\CCF\addons\nuiDebugGestureOutputModule\make\Debug\link-cvtres.read.1.tlog
C:\Users\shalstvedt\Documents\GitHub\ccv-revival\CCF\addons\nuiDebugGestureOutputModule\make\Debug\link-cvtres.write.1.tlog
C:\Users\shalstvedt\Documents\GitHub\ccv-revival\CCF\addons\nuiDebugGestureOutputModule\make\Debug\mt.command.1.tlog
C:\Users\shalstvedt\Documents\GitHub\ccv-revival\CCF\addons\nuiDebugGestureOutputModule\make\Debug\mt.read.1.tlog
C:\Users\shalstvedt\Documents\GitHub\ccv-revival\CCF\addons\nuiDebugGestureOutputModule\make\Debug\mt.write.1.tlog
C:\Users\shalstvedt\Documents\GitHub\ccv-revival\CCF\addons\nuiDebugGestureOutputModule\make\Debug\nuiDebugGestureOutputModule.dll.embed.manifest
C:\Users\shalstvedt\Documents\GitHub\ccv-revival\CCF\addons\nuiDebugGestureOutputModule\make\Debug\nuiDebugGestureOutputModule.dll.embed.manifest.res
C:\Users\shalstvedt\Documents\GitHub\ccv-revival\CCF\addons\nuiDebugGestureOutputModule\make\Debug\nuiDebugGestureOutputModule.dll.intermediate.manifest
C:\Users\shalstvedt\Documents\GitHub\ccv-revival\CCF\addons\nuiDebugGestureOutputModule\make\Debug\nuiDebugGestureOutputModule.obj
C:\Users\shalstvedt\Documents\GitHub\ccv-revival\CCF\addons\nuiDebugGestureOutputModule\make\Debug\nuiDebugGestureOutputModule.write.1.tlog
C:\Users\shalstvedt\Documents\GitHub\ccv-revival\CCF\addons\nuiDebugGestureOutputModule\make\Debug\nuiDebugGestureOutputModule_manifest.rc
C:\Users\shalstvedt\Documents\GitHub\ccv-revival\CCF\addons\nuiDebugGestureOutputModule\make\Debug\rc.command.1.tlog
C:\Users\shalstvedt\Documents\GitHub\ccv-revival\CCF\addons\nuiDebugGestureOutputModule\make\Debug\rc.read.1.tlog
C:\Users\shalstvedt\Documents\GitHub\ccv-revival\CCF\addons\nuiDebugGestureOutputModule\make\Debug\rc.write.1.tlog
C:\Users\shalstvedt\Documents\GitHub\ccv-revival\CCF\addons\nuiDebugGestureOutputModule\make\Debug\vc100.idb
C:\Users\shalstvedt\Documents\GitHub\ccv-revival\CCF\addons\nuiDebugGestureOutputModule\make\Debug\vc100.pdb
