..\..\..\build\vs2010\bin\addons\nuiTemporalFusionModule.ilk
..\..\..\build\vs2010\bin\addons\nuiTemporalFusionModule.pdb
C:\USERS\SHALSTVEDT\CODE\CCF-UNVERSIONED\CCF\ADDONS\NUITEMPORALFUSIONMODULE\MAKE\RELEASE\NUITEMPORALFUSIONMODULE.DLL.INTERMEDIATE.MANIFEST
C:\USERS\SHALSTVEDT\CODE\CCF-UNVERSIONED\CCF\ADDONS\NUITEMPORALFUSIONMODULE\MAKE\RELEASE\NUITEMPORALFUSIONMODULE.OBJ
C:\USERS\SHALSTVEDT\CODE\CCF-UNVERSIONED\CCF\ADDONS\NUITEMPORALFUSIONMODULE\MAKE\RELEASE\VC100.PDB
C:\USERS\SHALSTVEDT\CODE\CCF-UNVERSIONED\CCF\BUILD\VS2010\BIN\ADDONS\NUITEMPORALFUSIONMODULE.DLL
C:\Users\shalstvedt\Code\ccf-unversioned\CCF\build\vs2010\bin\addons\nuiTemporalFusionModule.exp
C:\Users\shalstvedt\Code\ccf-unversioned\CCF\build\vs2010\bin\addons\nuiTemporalFusionModule.lib
C:\USERS\SHALSTVEDT\CODE\CCF-UNVERSIONED\CCF\BUILD\VS2010\BIN\ADDONS\NUITEMPORALFUSIONMODULE.PDB
C:\Users\shalstvedt\Documents\GitHub\ccv-revival\CCF\addons\nuiTemporalFusionModule\make\..\..\..\build\vs2010\bin\addons\nuiTemporalFusionModule.dll
C:\Users\shalstvedt\Documents\GitHub\ccv-revival\CCF\addons\nuiTemporalFusionModule\make\Release\cl.command.1.tlog
C:\Users\shalstvedt\Documents\GitHub\ccv-revival\CCF\addons\nuiTemporalFusionModule\make\Release\CL.read.1.tlog
C:\Users\shalstvedt\Documents\GitHub\ccv-revival\CCF\addons\nuiTemporalFusionModule\make\Release\CL.write.1.tlog
C:\Users\shalstvedt\Documents\GitHub\ccv-revival\CCF\addons\nuiTemporalFusionModule\make\Release\link.command.1.tlog
C:\Users\shalstvedt\Documents\GitHub\ccv-revival\CCF\addons\nuiTemporalFusionModule\make\Release\link.read.1.tlog
C:\Users\shalstvedt\Documents\GitHub\ccv-revival\CCF\addons\nuiTemporalFusionModule\make\Release\link.write.1.tlog
C:\Users\shalstvedt\Documents\GitHub\ccv-revival\CCF\addons\nuiTemporalFusionModule\make\Release\mt.command.1.tlog
C:\Users\shalstvedt\Documents\GitHub\ccv-revival\CCF\addons\nuiTemporalFusionModule\make\Release\mt.read.1.tlog
C:\Users\shalstvedt\Documents\GitHub\ccv-revival\CCF\addons\nuiTemporalFusionModule\make\Release\mt.write.1.tlog
C:\Users\shalstvedt\Documents\GitHub\ccv-revival\CCF\addons\nuiTemporalFusionModule\make\Release\nuiTemporalFusionModule.dll.intermediate.manifest
C:\Users\shalstvedt\Documents\GitHub\ccv-revival\CCF\addons\nuiTemporalFusionModule\make\Release\nuiTemporalFusionModule.obj
C:\Users\shalstvedt\Documents\GitHub\ccv-revival\CCF\addons\nuiTemporalFusionModule\make\Release\nuiTemporalFusionModule.write.1.tlog
C:\Users\shalstvedt\Documents\GitHub\ccv-revival\CCF\addons\nuiTemporalFusionModule\make\Release\vc100.pdb
