..\..\..\build\vs2010\bin\addons\nuiTemporalFusionModule.ilk
..\..\..\build\vs2010\bin\addons\nuiTemporalFusionModule.pdb
C:\Users\Kyle\Documents\GitHub\ccv-revival\addons\nuiTemporalFusionModule\make\..\..\..\build\vs2010\bin\addons\nuiTemporalFusionModule.dll
C:\Users\Kyle\Documents\GitHub\ccv-revival\addons\nuiTemporalFusionModule\make\Debug\cl.command.1.tlog
C:\Users\Kyle\Documents\GitHub\ccv-revival\addons\nuiTemporalFusionModule\make\Debug\CL.read.1.tlog
C:\Users\Kyle\Documents\GitHub\ccv-revival\addons\nuiTemporalFusionModule\make\Debug\CL.write.1.tlog
C:\Users\Kyle\Documents\GitHub\ccv-revival\addons\nuiTemporalFusionModule\make\Debug\link.5508.read.1.tlog
C:\Users\Kyle\Documents\GitHub\ccv-revival\addons\nuiTemporalFusionModule\make\Debug\link.5508.write.1.tlog
C:\Users\Kyle\Documents\GitHub\ccv-revival\addons\nuiTemporalFusionModule\make\Debug\link.5508-cvtres.read.1.tlog
C:\Users\Kyle\Documents\GitHub\ccv-revival\addons\nuiTemporalFusionModule\make\Debug\link.5508-cvtres.write.1.tlog
C:\Users\Kyle\Documents\GitHub\ccv-revival\addons\nuiTemporalFusionModule\make\Debug\link.command.1.tlog
C:\Users\Kyle\Documents\GitHub\ccv-revival\addons\nuiTemporalFusionModule\make\Debug\link.read.1.tlog
C:\Users\Kyle\Documents\GitHub\ccv-revival\addons\nuiTemporalFusionModule\make\Debug\link.write.1.tlog
C:\Users\Kyle\Documents\GitHub\ccv-revival\addons\nuiTemporalFusionModule\make\Debug\link-cvtres.read.1.tlog
C:\Users\Kyle\Documents\GitHub\ccv-revival\addons\nuiTemporalFusionModule\make\Debug\link-cvtres.write.1.tlog
C:\Users\Kyle\Documents\GitHub\ccv-revival\addons\nuiTemporalFusionModule\make\Debug\mt.command.1.tlog
C:\Users\Kyle\Documents\GitHub\ccv-revival\addons\nuiTemporalFusionModule\make\Debug\mt.read.1.tlog
C:\Users\Kyle\Documents\GitHub\ccv-revival\addons\nuiTemporalFusionModule\make\Debug\mt.write.1.tlog
C:\USERS\KYLE\DOCUMENTS\GITHUB\CCV-REVIVAL\ADDONS\NUITEMPORALFUSIONMODULE\MAKE\DEBUG\NUITEMPORALFUSIONMODULE.DLL.EMBED.MANIFEST
C:\USERS\KYLE\DOCUMENTS\GITHUB\CCV-REVIVAL\ADDONS\NUITEMPORALFUSIONMODULE\MAKE\DEBUG\NUITEMPORALFUSIONMODULE.DLL.EMBED.MANIFEST.RES
C:\USERS\KYLE\DOCUMENTS\GITHUB\CCV-REVIVAL\ADDONS\NUITEMPORALFUSIONMODULE\MAKE\DEBUG\NUITEMPORALFUSIONMODULE.DLL.INTERMEDIATE.MANIFEST
C:\USERS\KYLE\DOCUMENTS\GITHUB\CCV-REVIVAL\ADDONS\NUITEMPORALFUSIONMODULE\MAKE\DEBUG\NUITEMPORALFUSIONMODULE.OBJ
C:\Users\Kyle\Documents\GitHub\ccv-revival\addons\nuiTemporalFusionModule\make\Debug\nuiTemporalFusionModule.write.1.tlog
C:\Users\Kyle\Documents\GitHub\ccv-revival\addons\nuiTemporalFusionModule\make\Debug\nuiTemporalFusionModule_manifest.rc
C:\Users\Kyle\Documents\GitHub\ccv-revival\addons\nuiTemporalFusionModule\make\Debug\rc.command.1.tlog
C:\Users\Kyle\Documents\GitHub\ccv-revival\addons\nuiTemporalFusionModule\make\Debug\rc.read.1.tlog
C:\Users\Kyle\Documents\GitHub\ccv-revival\addons\nuiTemporalFusionModule\make\Debug\rc.write.1.tlog
C:\Users\Kyle\Documents\GitHub\ccv-revival\addons\nuiTemporalFusionModule\make\Debug\vc100.idb
C:\USERS\KYLE\DOCUMENTS\GITHUB\CCV-REVIVAL\ADDONS\NUITEMPORALFUSIONMODULE\MAKE\DEBUG\VC100.PDB
C:\USERS\KYLE\DOCUMENTS\GITHUB\CCV-REVIVAL\BUILD\VS2010\BIN\ADDONS\NUITEMPORALFUSIONMODULE.DLL
C:\Users\Kyle\Documents\GitHub\ccv-revival\build\vs2010\bin\addons\nuiTemporalFusionModule.exp
C:\USERS\KYLE\DOCUMENTS\GITHUB\CCV-REVIVAL\BUILD\VS2010\BIN\ADDONS\NUITEMPORALFUSIONMODULE.ILK
C:\Users\Kyle\Documents\GitHub\ccv-revival\build\vs2010\bin\addons\nuiTemporalFusionModule.lib
C:\USERS\KYLE\DOCUMENTS\GITHUB\CCV-REVIVAL\BUILD\VS2010\BIN\ADDONS\NUITEMPORALFUSIONMODULE.PDB
