C:\USERS\SHALSTVEDT\CODE\CCF-UNVERSIONED\CCF\BUILD\VS2010\LIB\NUIMODULE.LIB
C:\USERS\SHALSTVEDT\CODE\CCF-UNVERSIONED\CCF\LIBS\NUIMODULE\MAKE\VC2010\DEBUG\NUIDATAPACKET.OBJ
C:\USERS\SHALSTVEDT\CODE\CCF-UNVERSIONED\CCF\LIBS\NUIMODULE\MAKE\VC2010\DEBUG\NUIDATASTREAM.OBJ
C:\USERS\SHALSTVEDT\CODE\CCF-UNVERSIONED\CCF\LIBS\NUIMODULE\MAKE\VC2010\DEBUG\NUIENDPOINT.OBJ
C:\USERS\SHALSTVEDT\CODE\CCF-UNVERSIONED\CCF\LIBS\NUIMODULE\MAKE\VC2010\DEBUG\NUIMODULE.OBJ
C:\USERS\SHALSTVEDT\CODE\CCF-UNVERSIONED\CCF\LIBS\NUIMODULE\MAKE\VC2010\DEBUG\NUIMULTIMODALSYNTAXTREE.OBJ
C:\USERS\SHALSTVEDT\CODE\CCF-UNVERSIONED\CCF\LIBS\NUIMODULE\MAKE\VC2010\DEBUG\VC100.PDB
C:\Users\shalstvedt\Documents\GitHub\ccv-revival\CCF\libs\nuiModule\make\vc2010\Debug\cl.command.1.tlog
C:\Users\shalstvedt\Documents\GitHub\ccv-revival\CCF\libs\nuiModule\make\vc2010\Debug\CL.read.1.tlog
C:\Users\shalstvedt\Documents\GitHub\ccv-revival\CCF\libs\nuiModule\make\vc2010\Debug\CL.write.1.tlog
C:\Users\shalstvedt\Documents\GitHub\ccv-revival\CCF\libs\nuiModule\make\vc2010\Debug\lib.command.1.tlog
C:\Users\shalstvedt\Documents\GitHub\ccv-revival\CCF\libs\nuiModule\make\vc2010\Debug\Lib-link.read.1.tlog
C:\Users\shalstvedt\Documents\GitHub\ccv-revival\CCF\libs\nuiModule\make\vc2010\Debug\Lib-link.write.1.tlog
C:\Users\shalstvedt\Documents\GitHub\ccv-revival\CCF\libs\nuiModule\make\vc2010\Debug\nuiDataPacket.obj
C:\Users\shalstvedt\Documents\GitHub\ccv-revival\CCF\libs\nuiModule\make\vc2010\Debug\nuiDataStream.obj
C:\Users\shalstvedt\Documents\GitHub\ccv-revival\CCF\libs\nuiModule\make\vc2010\Debug\nuiEndpoint.obj
C:\Users\shalstvedt\Documents\GitHub\ccv-revival\CCF\libs\nuiModule\make\vc2010\Debug\nuiModule.obj
C:\Users\shalstvedt\Documents\GitHub\ccv-revival\CCF\libs\nuiModule\make\vc2010\Debug\nuiMultimodalSyntaxTree.obj
C:\Users\shalstvedt\Documents\GitHub\ccv-revival\CCF\libs\nuiModule\make\vc2010\Debug\vc100.idb
C:\Users\shalstvedt\Documents\GitHub\ccv-revival\CCF\libs\nuiModule\make\vc2010\Debug\vc100.pdb
