..\..\..\build\vs2010\bin\addons\nuiSpiritParserModule.ilk
..\..\..\build\vs2010\bin\addons\nuiSpiritParserModule.pdb
C:\Users\Kyle\Documents\GitHub\ccv-revival\addons\nuiSpiritParserModule\make\..\..\..\build\vs2010\bin\addons\nuiSpiritParserModule.dll
C:\USERS\KYLE\DOCUMENTS\GITHUB\CCV-REVIVAL\ADDONS\NUISPIRITPARSERMODULE\MAKE\DEBUG\BALLWORLDGRAMMAR.OBJ
C:\Users\Kyle\Documents\GitHub\ccv-revival\addons\nuiSpiritParserModule\make\Debug\cl.command.1.tlog
C:\Users\Kyle\Documents\GitHub\ccv-revival\addons\nuiSpiritParserModule\make\Debug\CL.read.1.tlog
C:\Users\Kyle\Documents\GitHub\ccv-revival\addons\nuiSpiritParserModule\make\Debug\CL.write.1.tlog
C:\Users\Kyle\Documents\GitHub\ccv-revival\addons\nuiSpiritParserModule\make\Debug\link.6092.read.1.tlog
C:\Users\Kyle\Documents\GitHub\ccv-revival\addons\nuiSpiritParserModule\make\Debug\link.6092.write.1.tlog
C:\Users\Kyle\Documents\GitHub\ccv-revival\addons\nuiSpiritParserModule\make\Debug\link.6092-cvtres.read.1.tlog
C:\Users\Kyle\Documents\GitHub\ccv-revival\addons\nuiSpiritParserModule\make\Debug\link.6092-cvtres.write.1.tlog
C:\Users\Kyle\Documents\GitHub\ccv-revival\addons\nuiSpiritParserModule\make\Debug\link.command.1.tlog
C:\Users\Kyle\Documents\GitHub\ccv-revival\addons\nuiSpiritParserModule\make\Debug\link.read.1.tlog
C:\Users\Kyle\Documents\GitHub\ccv-revival\addons\nuiSpiritParserModule\make\Debug\link.write.1.tlog
C:\Users\Kyle\Documents\GitHub\ccv-revival\addons\nuiSpiritParserModule\make\Debug\link-cvtres.read.1.tlog
C:\Users\Kyle\Documents\GitHub\ccv-revival\addons\nuiSpiritParserModule\make\Debug\link-cvtres.write.1.tlog
C:\Users\Kyle\Documents\GitHub\ccv-revival\addons\nuiSpiritParserModule\make\Debug\mt.command.1.tlog
C:\Users\Kyle\Documents\GitHub\ccv-revival\addons\nuiSpiritParserModule\make\Debug\mt.read.1.tlog
C:\Users\Kyle\Documents\GitHub\ccv-revival\addons\nuiSpiritParserModule\make\Debug\mt.write.1.tlog
C:\USERS\KYLE\DOCUMENTS\GITHUB\CCV-REVIVAL\ADDONS\NUISPIRITPARSERMODULE\MAKE\DEBUG\NUISPIRITPARSERMODULE.DLL.EMBED.MANIFEST
C:\USERS\KYLE\DOCUMENTS\GITHUB\CCV-REVIVAL\ADDONS\NUISPIRITPARSERMODULE\MAKE\DEBUG\NUISPIRITPARSERMODULE.DLL.EMBED.MANIFEST.RES
C:\USERS\KYLE\DOCUMENTS\GITHUB\CCV-REVIVAL\ADDONS\NUISPIRITPARSERMODULE\MAKE\DEBUG\NUISPIRITPARSERMODULE.DLL.INTERMEDIATE.MANIFEST
C:\USERS\KYLE\DOCUMENTS\GITHUB\CCV-REVIVAL\ADDONS\NUISPIRITPARSERMODULE\MAKE\DEBUG\NUISPIRITPARSERMODULE.OBJ
C:\Users\Kyle\Documents\GitHub\ccv-revival\addons\nuiSpiritParserModule\make\Debug\nuiSpiritParserModule.write.1.tlog
C:\Users\Kyle\Documents\GitHub\ccv-revival\addons\nuiSpiritParserModule\make\Debug\nuiSpiritParserModule_manifest.rc
C:\Users\Kyle\Documents\GitHub\ccv-revival\addons\nuiSpiritParserModule\make\Debug\rc.command.1.tlog
C:\Users\Kyle\Documents\GitHub\ccv-revival\addons\nuiSpiritParserModule\make\Debug\rc.read.1.tlog
C:\Users\Kyle\Documents\GitHub\ccv-revival\addons\nuiSpiritParserModule\make\Debug\rc.write.1.tlog
C:\Users\Kyle\Documents\GitHub\ccv-revival\addons\nuiSpiritParserModule\make\Debug\vc100.idb
C:\USERS\KYLE\DOCUMENTS\GITHUB\CCV-REVIVAL\ADDONS\NUISPIRITPARSERMODULE\MAKE\DEBUG\VC100.PDB
C:\USERS\KYLE\DOCUMENTS\GITHUB\CCV-REVIVAL\BUILD\VS2010\BIN\ADDONS\NUISPIRITPARSERMODULE.DLL
C:\Users\Kyle\Documents\GitHub\ccv-revival\build\vs2010\bin\addons\nuiSpiritParserModule.exp
C:\USERS\KYLE\DOCUMENTS\GITHUB\CCV-REVIVAL\BUILD\VS2010\BIN\ADDONS\NUISPIRITPARSERMODULE.ILK
C:\Users\Kyle\Documents\GitHub\ccv-revival\build\vs2010\bin\addons\nuiSpiritParserModule.lib
C:\USERS\KYLE\DOCUMENTS\GITHUB\CCV-REVIVAL\BUILD\VS2010\BIN\ADDONS\NUISPIRITPARSERMODULE.PDB
