Build started 7/7/2012 12:49:51 AM.
     1>Project "C:\Users\Kyle\Documents\GitHub\ccv-revival\addons\nuiSpiritParserModule\make\nuiSpiritParserModule.vcxproj" on node 3 (build target(s)).
     1>InitializeBuildStatus:
         Creating "Debug\nuiSpiritParserModule.unsuccessfulbuild" because "AlwaysCreate" was specified.
       ClCompile:
         C:\Program Files (x86)\Microsoft Visual Studio 10.0\VC\bin\CL.exe /c /I..\..\..\libs\3rdParty\sphinx\include\sphinxbase /I..\..\..\libs\3rdParty\sphinx\include\sphinx3 /I..\..\..\libs\3rdParty\cJSON /I..\..\..\libs\3rdParty\boost /I..\..\..\libs\nuiModule\inc /I"..\..\..\libs\3rdParty\ptypes-2.1.1\include\\" /I"..\..\..\libs\3rdParty\ptypes-2.1.1\\" /I..\src /I..\..\..\libs\nuiSystem\inc /ZI /nologo /W3 /WX- /Od /Oy- /D WIN32 /D _DEBUG /D _WINDOWS /D _USRDLL /D NUISPIRITPARSERMODULE_EXPORTS /D _WINDLL /D _MBCS /Gm /EHsc /RTC1 /MDd /GS /fp:precise /Zc:wchar_t /Zc:forScope /Fo"Debug\\" /Fd"Debug\vc100.pdb" /Gd /TP /analyze- /errorReport:prompt ..\src\ballWorldGrammar.cpp ..\src\nuiSpiritParserModule.cpp
         nuiSpiritParserModule.cpp
         ballWorldGrammar.cpp
         Generating Code...
       ManifestResourceCompile:
         C:\Program Files (x86)\Microsoft SDKs\Windows\v7.0A\bin\rc.exe /nologo /fo"Debug\nuiSpiritParserModule.dll.embed.manifest.res" Debug\nuiSpiritParserModule_manifest.rc 
       Link:
         C:\Program Files (x86)\Microsoft Visual Studio 10.0\VC\bin\link.exe /ERRORREPORT:PROMPT /OUT:"..\..\..\build\vs2010\bin\addons\nuiSpiritParserModule.dll" /INCREMENTAL /NOLOGO /LIBPATH:"C:\Users\Kyle\Documents\GitHub\ccv-revival\build\vs2010\\lib\\" kernel32.lib user32.lib gdi32.lib winspool.lib s3decoder.lib sphinxbase.lib nuiSystem.lib nuiModule.lib comdlg32.lib advapi32.lib shell32.lib ole32.lib oleaut32.lib uuid.lib odbc32.lib odbccp32.lib kernel32.lib user32.lib gdi32.lib winspool.lib comdlg32.lib advapi32.lib shell32.lib ole32.lib oleaut32.lib uuid.lib odbc32.lib odbccp32.lib /MANIFEST /ManifestFile:"Debug\nuiSpiritParserModule.dll.intermediate.manifest" /MANIFESTUAC:"level='asInvoker' uiAccess='false'" /DEBUG /PDB:"C:\Users\Kyle\Documents\GitHub\ccv-revival\build\vs2010\bin\addons\nuiSpiritParserModule.pdb" /SUBSYSTEM:WINDOWS /TLBID:1 /DYNAMICBASE /NXCOMPAT /IMPLIB:"..\..\..\build\vs2010\bin\addons\nuiSpiritParserModule.lib" /MACHINE:X86 /DLL Debug\nuiSpiritParserModule.dll.embed.manifest.res
         Debug\ballWorldGrammar.obj
         Debug\nuiSpiritParserModule.obj
            Creating library ..\..\..\build\vs2010\bin\addons\nuiSpiritParserModule.lib and object ..\..\..\build\vs2010\bin\addons\nuiSpiritParserModule.exp
       Manifest:
         C:\Program Files (x86)\Microsoft SDKs\Windows\v7.0A\bin\mt.exe /nologo /verbose /out:"Debug\nuiSpiritParserModule.dll.embed.manifest" /manifest Debug\nuiSpiritParserModule.dll.intermediate.manifest
         C:\Program Files (x86)\Microsoft SDKs\Windows\v7.0A\bin\rc.exe /nologo /fo"Debug\nuiSpiritParserModule.dll.embed.manifest.res" Debug\nuiSpiritParserModule_manifest.rc 
       LinkEmbedManifest:
         C:\Program Files (x86)\Microsoft Visual Studio 10.0\VC\bin\link.exe /ERRORREPORT:PROMPT /OUT:"..\..\..\build\vs2010\bin\addons\nuiSpiritParserModule.dll" /INCREMENTAL /NOLOGO /LIBPATH:"C:\Users\Kyle\Documents\GitHub\ccv-revival\build\vs2010\\lib\\" kernel32.lib user32.lib gdi32.lib winspool.lib s3decoder.lib sphinxbase.lib nuiSystem.lib nuiModule.lib comdlg32.lib advapi32.lib shell32.lib ole32.lib oleaut32.lib uuid.lib odbc32.lib odbccp32.lib kernel32.lib user32.lib gdi32.lib winspool.lib comdlg32.lib advapi32.lib shell32.lib ole32.lib oleaut32.lib uuid.lib odbc32.lib odbccp32.lib /MANIFEST /ManifestFile:"Debug\nuiSpiritParserModule.dll.intermediate.manifest" /MANIFESTUAC:"level='asInvoker' uiAccess='false'" /DEBUG /PDB:"C:\Users\Kyle\Documents\GitHub\ccv-revival\build\vs2010\bin\addons\nuiSpiritParserModule.pdb" /SUBSYSTEM:WINDOWS /TLBID:1 /DYNAMICBASE /NXCOMPAT /IMPLIB:"..\..\..\build\vs2010\bin\addons\nuiSpiritParserModule.lib" /MACHINE:X86 /DLL Debug\nuiSpiritParserModule.dll.embed.manifest.res
         Debug\ballWorldGrammar.obj
         Debug\nuiSpiritParserModule.obj
            Creating library ..\..\..\build\vs2010\bin\addons\nuiSpiritParserModule.lib and object ..\..\..\build\vs2010\bin\addons\nuiSpiritParserModule.exp
         nuiSpiritParserModule.vcxproj -> C:\Users\Kyle\Documents\GitHub\ccv-revival\addons\nuiSpiritParserModule\make\..\..\..\build\vs2010\bin\addons\nuiSpiritParserModule.dll
       FinalizeBuildStatus:
         Deleting file "Debug\nuiSpiritParserModule.unsuccessfulbuild".
         Touching "Debug\nuiSpiritParserModule.lastbuildstate".
     1>Done Building Project "C:\Users\Kyle\Documents\GitHub\ccv-revival\addons\nuiSpiritParserModule\make\nuiSpiritParserModule.vcxproj" (build target(s)).

Build succeeded.

Time Elapsed 00:00:30.59
