Build started 7/7/2012 12:49:43 AM.
     1>Project "C:\Users\Kyle\Documents\GitHub\ccv-revival\addons\nuiDebugGestureModule\make\nuiDebugGestureModule.vcxproj" on node 5 (build target(s)).
     1>InitializeBuildStatus:
         Creating "Debug\nuiDebugGestureModule.unsuccessfulbuild" because "AlwaysCreate" was specified.
       ClCompile:
         C:\Program Files (x86)\Microsoft Visual Studio 10.0\VC\bin\CL.exe /c /I..\..\..\libs\3rdParty\cJSON /I..\..\..\libs\3rdParty\boost /I..\..\..\libs\nuiModule\inc /I"..\..\..\libs\3rdParty\ptypes-2.1.1\include\\" /I"..\..\..\libs\3rdParty\ptypes-2.1.1\\" /I..\src /I..\..\..\libs\nuiSystem\inc /ZI /nologo /W3 /WX- /Od /Oy- /D WIN32 /D _DEBUG /D _WINDOWS /D _USRDLL /D NUIDEBUGGESTUREMODULE_EXPORTS /D _WINDLL /D _MBCS /Gm /EHsc /RTC1 /MDd /GS /fp:precise /Zc:wchar_t /Zc:forScope /Fo"Debug\\" /Fd"Debug\vc100.pdb" /Gd /TP /analyze- /errorReport:prompt ..\src\nuiDebugGestureModule.cpp
         nuiDebugGestureModule.cpp
       ManifestResourceCompile:
         C:\Program Files (x86)\Microsoft SDKs\Windows\v7.0A\bin\rc.exe /nologo /fo"Debug\nuiDebugGestureModule.dll.embed.manifest.res" Debug\nuiDebugGestureModule_manifest.rc 
       Link:
         C:\Program Files (x86)\Microsoft Visual Studio 10.0\VC\bin\link.exe /ERRORREPORT:PROMPT /OUT:"..\..\..\build\vs2010\bin\addons\nuiDebugGestureModule.dll" /INCREMENTAL /NOLOGO /LIBPATH:"C:\Users\Kyle\Documents\GitHub\ccv-revival\build\vs2010\\lib\\" kernel32.lib user32.lib gdi32.lib winspool.lib comdlg32.lib advapi32.lib shell32.lib ole32.lib oleaut32.lib uuid.lib odbc32.lib odbccp32.lib nuiSystem.lib nuiModule.lib cJSON.lib kernel32.lib user32.lib gdi32.lib winspool.lib comdlg32.lib advapi32.lib shell32.lib ole32.lib oleaut32.lib uuid.lib odbc32.lib odbccp32.lib /MANIFEST /ManifestFile:"Debug\nuiDebugGestureModule.dll.intermediate.manifest" /MANIFESTUAC:"level='asInvoker' uiAccess='false'" /DEBUG /PDB:"C:\Users\Kyle\Documents\GitHub\ccv-revival\build\vs2010\bin\addons\nuiDebugGestureModule.pdb" /SUBSYSTEM:WINDOWS /TLBID:1 /DYNAMICBASE /NXCOMPAT /IMPLIB:"..\..\..\build\vs2010\bin\addons\nuiDebugGestureModule.lib" /MACHINE:X86 /DLL Debug\nuiDebugGestureModule.dll.embed.manifest.res
         Debug\nuiDebugGestureModule.obj
            Creating library ..\..\..\build\vs2010\bin\addons\nuiDebugGestureModule.lib and object ..\..\..\build\vs2010\bin\addons\nuiDebugGestureModule.exp
       Manifest:
         C:\Program Files (x86)\Microsoft SDKs\Windows\v7.0A\bin\mt.exe /nologo /verbose /out:"Debug\nuiDebugGestureModule.dll.embed.manifest" /manifest Debug\nuiDebugGestureModule.dll.intermediate.manifest
         C:\Program Files (x86)\Microsoft SDKs\Windows\v7.0A\bin\rc.exe /nologo /fo"Debug\nuiDebugGestureModule.dll.embed.manifest.res" Debug\nuiDebugGestureModule_manifest.rc 
       LinkEmbedManifest:
         C:\Program Files (x86)\Microsoft Visual Studio 10.0\VC\bin\link.exe /ERRORREPORT:PROMPT /OUT:"..\..\..\build\vs2010\bin\addons\nuiDebugGestureModule.dll" /INCREMENTAL /NOLOGO /LIBPATH:"C:\Users\Kyle\Documents\GitHub\ccv-revival\build\vs2010\\lib\\" kernel32.lib user32.lib gdi32.lib winspool.lib comdlg32.lib advapi32.lib shell32.lib ole32.lib oleaut32.lib uuid.lib odbc32.lib odbccp32.lib nuiSystem.lib nuiModule.lib cJSON.lib kernel32.lib user32.lib gdi32.lib winspool.lib comdlg32.lib advapi32.lib shell32.lib ole32.lib oleaut32.lib uuid.lib odbc32.lib odbccp32.lib /MANIFEST /ManifestFile:"Debug\nuiDebugGestureModule.dll.intermediate.manifest" /MANIFESTUAC:"level='asInvoker' uiAccess='false'" /DEBUG /PDB:"C:\Users\Kyle\Documents\GitHub\ccv-revival\build\vs2010\bin\addons\nuiDebugGestureModule.pdb" /SUBSYSTEM:WINDOWS /TLBID:1 /DYNAMICBASE /NXCOMPAT /IMPLIB:"..\..\..\build\vs2010\bin\addons\nuiDebugGestureModule.lib" /MACHINE:X86 /DLL Debug\nuiDebugGestureModule.dll.embed.manifest.res
         Debug\nuiDebugGestureModule.obj
            Creating library ..\..\..\build\vs2010\bin\addons\nuiDebugGestureModule.lib and object ..\..\..\build\vs2010\bin\addons\nuiDebugGestureModule.exp
         nuiDebugGestureModule.vcxproj -> C:\Users\Kyle\Documents\GitHub\ccv-revival\addons\nuiDebugGestureModule\make\..\..\..\build\vs2010\bin\addons\nuiDebugGestureModule.dll
       FinalizeBuildStatus:
         Deleting file "Debug\nuiDebugGestureModule.unsuccessfulbuild".
         Touching "Debug\nuiDebugGestureModule.lastbuildstate".
     1>Done Building Project "C:\Users\Kyle\Documents\GitHub\ccv-revival\addons\nuiDebugGestureModule\make\nuiDebugGestureModule.vcxproj" (build target(s)).

Build succeeded.

Time Elapsed 00:00:03.01
